#
# A fatal error has been detected by the Java Runtime Environment:
#
#  EXCEPTION_ACCESS_VIOLATION (0xc0000005) at pc=0x0000000004c40000, pid=9692, tid=0x0000000000001264
#
# JRE version: Java(TM) SE Runtime Environment (8.0_152-b16) (build 1.8.0_152-b16)
# Java VM: Java HotSpot(TM) 64-Bit Server VM (25.152-b16 mixed mode windows-amd64 compressed oops)
# Problematic frame:
# C  0x0000000004c40000
#
# Failed to write core dump. Minidumps are not enabled by default on client versions of Windows
#
# If you would like to submit a bug report, please visit:
#   http://bugreport.java.com/bugreport/crash.jsp
# The crash happened outside the Java Virtual Machine in native code.
# See problematic frame for where to report the bug.
#

---------------  T H R E A D  ---------------

Current thread (0x0000000019cf6800):  JavaThread "Thread-1" [_thread_in_native, id=4708, stack(0x0000000021230000,0x0000000021330000)]

siginfo: ExceptionCode=0xc0000005, ExceptionInformation=0x0000000000000008 0x0000000004c40000

Registers:
RAX=0x0000000004c40000, RBX=0x000000001a32f330, RCX=0x0000000000010001, RDX=0x000000002132ed10
RSP=0x000000002132ecd8, RBP=0x000000002132f1e0, RSI=0x0000000000000438, RDI=0x0000000000010001
R8 =0x00007ffc4f013170, R9 =0x0000000000008000, R10=0x00007ffc511e1a00, R11=0x000000002132f138
R12=0x0000000000000000, R13=0x000000002132f238, R14=0x000000002132f1d0, R15=0x0000000019cf6800
RIP=0x0000000004c40000, EFLAGS=0x0000000000010206

Top of Stack: (sp=0x000000002132ecd8)
0x000000002132ecd8:   00007ffc4f011dfc 0000000018c0c2c0
0x000000002132ece8:   000000002132ee40 000000002132ee00
0x000000002132ecf8:   00000000ffffffff 0000000000000003
0x000000002132ed08:   000000002132ed38 57464c4720656854
0x000000002132ed18:   7972617262696c20 20746f6e20736920
0x000000002132ed28:   696c616974696e69 000000000064657a
0x000000002132ed38:   0000000016bec708 0000000019cf6800
0x000000002132ed48:   0000000016bec708 0000000019cf6800
0x000000002132ed58:   0000000055181cfc 0000000000000003
0x000000002132ed68:   0000000019cf6800 00000000ffffffff
0x000000002132ed78:   00007ffc5b09aa25 0000000019cf6800
0x000000002132ed88:   0000000055185b59 000000002132ee30
0x000000002132ed98:   000000002132eec0 000000002132edd0
0x000000002132eda8:   000000005573c328 ffffffff00000100
0x000000002132edb8:   0000000000aad000 0000000000000001
0x000000002132edc8:   0000000000000102 fffffffffffe7960 

Instructions: (pc=0x0000000004c40000)
0x0000000004c3ffe0:   
[error occurred during error reporting (printing registers, top of stack, instructions near pc), id 0xc0000005]

Register to memory mapping:

RAX=0x0000000004c40000 is an unknown value
RBX={method} {0x000000001a32f338} 'glfwGetTime' '()D' in 'org/lwjgl/glfw/GLFW'
RCX=0x0000000000010001 is an unknown value
RDX=0x000000002132ed10 is pointing into the stack for thread: 0x0000000019cf6800
RSP=0x000000002132ecd8 is pointing into the stack for thread: 0x0000000019cf6800
RBP=0x000000002132f1e0 is pointing into the stack for thread: 0x0000000019cf6800
RSI=0x0000000000000438 is an unknown value
RDI=0x0000000000010001 is an unknown value
R8 =0x00007ffc4f013170 is an unknown value
R9 =0x0000000000008000 is an unknown value
R10=0x00007ffc511e1a00 is an unknown value
R11=0x000000002132f138 is pointing into the stack for thread: 0x0000000019cf6800
R12=0x0000000000000000 is an unknown value
R13=0x000000002132f238 is pointing into the stack for thread: 0x0000000019cf6800
R14=0x000000002132f1d0 is pointing into the stack for thread: 0x0000000019cf6800
R15=0x0000000019cf6800 is a thread


Stack: [0x0000000021230000,0x0000000021330000],  sp=0x000000002132ecd8,  free space=1019k
Native frames: (J=compiled Java code, j=interpreted, Vv=VM code, C=native code)
C  0x0000000004c40000

Java frames: (J=compiled Java code, j=interpreted, Vv=VM code)
J 1371  org.lwjgl.system.JNI.invokeD(J)D (0 bytes) @ 0x00000000052b1a81 [0x00000000052b1a40+0x41]
J 1370 C1 org.lwjgl.glfw.GLFW.glfwGetTime()D (9 bytes) @ 0x00000000052b1e64 [0x00000000052b1e00+0x64]
j  com.firststory.firstoracle.controller.CameraController.run()V+53
j  java.lang.Thread.run()V+11
v  ~StubRoutines::call_stub

---------------  P R O C E S S  ---------------

Java Threads: ( => current thread )
  0x000000001abcd000 JavaThread "DestroyJavaVM" [_thread_blocked, id=10792, stack(0x0000000004940000,0x0000000004a40000)]
  0x000000001960a000 JavaThread "Prism Font Disposer" daemon [_thread_blocked, id=1872, stack(0x0000000023550000,0x0000000023650000)]
  0x0000000019b7c000 JavaThread "FXEvents" [_thread_blocked, id=6140, stack(0x0000000021f70000,0x0000000022070000)]
  0x000000001a92e000 JavaThread "Thread-2" [_thread_blocked, id=11720, stack(0x0000000021430000,0x0000000021530000)]
=>0x0000000019cf6800 JavaThread "Thread-1" [_thread_in_native, id=4708, stack(0x0000000021230000,0x0000000021330000)]
  0x0000000019758000 JavaThread "Java2D Disposer" daemon [_thread_blocked, id=3564, stack(0x000000001a130000,0x000000001a230000)]
  0x0000000018c6f000 JavaThread "Service Thread" daemon [_thread_blocked, id=5816, stack(0x0000000019340000,0x0000000019440000)]
  0x0000000018bfd800 JavaThread "C1 CompilerThread2" daemon [_thread_blocked, id=12060, stack(0x0000000019240000,0x0000000019340000)]
  0x0000000018bf4000 JavaThread "C2 CompilerThread1" daemon [_thread_blocked, id=9752, stack(0x0000000019140000,0x0000000019240000)]
  0x0000000018bf1800 JavaThread "C2 CompilerThread0" daemon [_thread_blocked, id=10164, stack(0x0000000019040000,0x0000000019140000)]
  0x0000000018be6800 JavaThread "Monitor Ctrl-Break" daemon [_thread_in_native, id=8296, stack(0x0000000018f40000,0x0000000019040000)]
  0x00000000173ed800 JavaThread "Attach Listener" daemon [_thread_blocked, id=6396, stack(0x0000000018a40000,0x0000000018b40000)]
  0x00000000173ec000 JavaThread "Signal Dispatcher" daemon [_thread_blocked, id=9480, stack(0x0000000018940000,0x0000000018a40000)]
  0x00000000173d9000 JavaThread "Finalizer" daemon [_thread_blocked, id=10700, stack(0x0000000018650000,0x0000000018750000)]
  0x0000000004dc3000 JavaThread "Reference Handler" daemon [_thread_blocked, id=10548, stack(0x0000000018550000,0x0000000018650000)]

Other Threads:
  0x00000000173b7800 VMThread [stack: 0x0000000018450000,0x0000000018550000] [id=4776]
  0x0000000018cf9000 WatcherThread [stack: 0x0000000019440000,0x0000000019540000] [id=9844]

VM state:not at safepoint (normal execution)

VM Mutex/Monitor currently owned by a thread: None

Heap:
 PSYoungGen      total 18944K, used 1252K [0x00000000eb100000, 0x00000000ede00000, 0x0000000100000000)
  eden space 16384K, 7% used [0x00000000eb100000,0x00000000eb239098,0x00000000ec100000)
  from space 2560K, 0% used [0x00000000ec100000,0x00000000ec100000,0x00000000ec380000)
  to   space 6656K, 0% used [0x00000000ed780000,0x00000000ed780000,0x00000000ede00000)
 ParOldGen       total 33792K, used 5588K [0x00000000c1200000, 0x00000000c3300000, 0x00000000eb100000)
  object space 33792K, 16% used [0x00000000c1200000,0x00000000c17753d0,0x00000000c3300000)
 Metaspace       used 20629K, capacity 21323K, committed 21552K, reserved 1069056K
  class space    used 2370K, capacity 2578K, committed 2688K, reserved 1048576K

Card table byte_map: [0x0000000014190000,0x0000000014390000] byte_map_base: 0x0000000013b87000

Marking Bits: (ParMarkBitMap*) 0x0000000055900860
 Begin Bits: [0x00000000148e0000, 0x0000000015898000)
 End Bits:   [0x0000000015898000, 0x0000000016850000)

Polling page: 0x0000000004a40000

CodeCache: size=245760Kb used=4994Kb max_used=4999Kb free=240765Kb
 bounds [0x0000000004dd0000, 0x00000000052c0000, 0x0000000013dd0000]
 total_blobs=2534 nmethods=1375 adapters=1072
 compilation: enabled

Compilation events (10 events):
Event: 4.803 Thread 0x0000000018bfd800 1369       3       java.util.concurrent.ConcurrentHashMap::sumCount (48 bytes)
Event: 4.803 Thread 0x0000000018bfd800 nmethod 1369 0x00000000052b2010 code [0x00000000052b2180, 0x00000000052b2430]
Event: 4.844 Thread 0x0000000018bfd800 1370       3       org.lwjgl.glfw.GLFW::glfwGetTime (9 bytes)
Event: 4.845 Thread 0x0000000018bfd800 nmethod 1370 0x00000000052b1c90 code [0x00000000052b1e00, 0x00000000052b1f68]
Event: 4.896 Thread 0x0000000018bfd800 1373       3       java.util.concurrent.ConcurrentHashMap::isEmpty (15 bytes)
Event: 4.897 Thread 0x0000000018bfd800 nmethod 1373 0x00000000052b10d0 code [0x00000000052b1240, 0x00000000052b14a8]
Event: 6.239 Thread 0x0000000018bfd800 1375       3       java.nio.CharBuffer::array (35 bytes)
Event: 6.240 Thread 0x0000000018bfd800 nmethod 1375 0x00000000052b0ad0 code [0x00000000052b0c60, 0x00000000052b0f78]
Event: 6.240 Thread 0x0000000018bfd800 1374       3       java.nio.CharBuffer::<init> (22 bytes)
Event: 6.240 Thread 0x0000000018bfd800 nmethod 1374 0x00000000052b06d0 code [0x00000000052b0840, 0x00000000052b0a08]

GC Heap History (10 events):
Event: 2.378 GC heap before
{Heap before GC invocations=2 (full 0):
 PSYoungGen      total 18944K, used 18392K [0x00000000eb100000, 0x00000000ec600000, 0x0000000100000000)
  eden space 16384K, 100% used [0x00000000eb100000,0x00000000ec100000,0x00000000ec100000)
  from space 2560K, 78% used [0x00000000ec100000,0x00000000ec2f63b0,0x00000000ec380000)
  to   space 2560K, 0% used [0x00000000ec380000,0x00000000ec380000,0x00000000ec600000)
 ParOldGen       total 44032K, used 8K [0x00000000c1200000, 0x00000000c3d00000, 0x00000000eb100000)
  object space 44032K, 0% used [0x00000000c1200000,0x00000000c1202000,0x00000000c3d00000)
 Metaspace       used 13303K, capacity 13715K, committed 13824K, reserved 1060864K
  class space    used 1312K, capacity 1475K, committed 1536K, reserved 1048576K
Event: 2.382 GC heap after
Heap after GC invocations=2 (full 0):
 PSYoungGen      total 18944K, used 2551K [0x00000000eb100000, 0x00000000ec600000, 0x0000000100000000)
  eden space 16384K, 0% used [0x00000000eb100000,0x00000000eb100000,0x00000000ec100000)
  from space 2560K, 99% used [0x00000000ec380000,0x00000000ec5fdcb8,0x00000000ec600000)
  to   space 2560K, 0% used [0x00000000ec100000,0x00000000ec100000,0x00000000ec380000)
 ParOldGen       total 44032K, used 1539K [0x00000000c1200000, 0x00000000c3d00000, 0x00000000eb100000)
  object space 44032K, 3% used [0x00000000c1200000,0x00000000c1380fe8,0x00000000c3d00000)
 Metaspace       used 13303K, capacity 13715K, committed 13824K, reserved 1060864K
  class space    used 1312K, capacity 1475K, committed 1536K, reserved 1048576K
}
Event: 2.676 GC heap before
{Heap before GC invocations=3 (full 0):
 PSYoungGen      total 18944K, used 18935K [0x00000000eb100000, 0x00000000ec600000, 0x0000000100000000)
  eden space 16384K, 100% used [0x00000000eb100000,0x00000000ec100000,0x00000000ec100000)
  from space 2560K, 99% used [0x00000000ec380000,0x00000000ec5fdcb8,0x00000000ec600000)
  to   space 2560K, 0% used [0x00000000ec100000,0x00000000ec100000,0x00000000ec380000)
 ParOldGen       total 44032K, used 1539K [0x00000000c1200000, 0x00000000c3d00000, 0x00000000eb100000)
  object space 44032K, 3% used [0x00000000c1200000,0x00000000c1380fe8,0x00000000c3d00000)
 Metaspace       used 16114K, capacity 16651K, committed 16768K, reserved 1064960K
  class space    used 1714K, capacity 1905K, committed 1920K, reserved 1048576K
Event: 2.682 GC heap after
Heap after GC invocations=3 (full 0):
 PSYoungGen      total 18944K, used 2544K [0x00000000eb100000, 0x00000000ec600000, 0x0000000100000000)
  eden space 16384K, 0% used [0x00000000eb100000,0x00000000eb100000,0x00000000ec100000)
  from space 2560K, 99% used [0x00000000ec100000,0x00000000ec37c1d0,0x00000000ec380000)
  to   space 2560K, 0% used [0x00000000ec380000,0x00000000ec380000,0x00000000ec600000)
 ParOldGen       total 44032K, used 4383K [0x00000000c1200000, 0x00000000c3d00000, 0x00000000eb100000)
  object space 44032K, 9% used [0x00000000c1200000,0x00000000c1647e88,0x00000000c3d00000)
 Metaspace       used 16114K, capacity 16651K, committed 16768K, reserved 1064960K
  class space    used 1714K, capacity 1905K, committed 1920K, reserved 1048576K
}
Event: 2.935 GC heap before
{Heap before GC invocations=4 (full 0):
 PSYoungGen      total 18944K, used 18928K [0x00000000eb100000, 0x00000000ec600000, 0x0000000100000000)
  eden space 16384K, 100% used [0x00000000eb100000,0x00000000ec100000,0x00000000ec100000)
  from space 2560K, 99% used [0x00000000ec100000,0x00000000ec37c1d0,0x00000000ec380000)
  to   space 2560K, 0% used [0x00000000ec380000,0x00000000ec380000,0x00000000ec600000)
 ParOldGen       total 44032K, used 4383K [0x00000000c1200000, 0x00000000c3d00000, 0x00000000eb100000)
  object space 44032K, 9% used [0x00000000c1200000,0x00000000c1647e88,0x00000000c3d00000)
 Metaspace       used 18571K, capacity 19165K, committed 19456K, reserved 1067008K
  class space    used 2067K, capacity 2264K, committed 2304K, reserved 1048576K
Event: 2.940 GC heap after
Heap after GC invocations=4 (full 0):
 PSYoungGen      total 18944K, used 2544K [0x00000000eb100000, 0x00000000ed600000, 0x0000000100000000)
  eden space 16384K, 0% used [0x00000000eb100000,0x00000000eb100000,0x00000000ec100000)
  from space 2560K, 99% used [0x00000000ec380000,0x00000000ec5fc030,0x00000000ec600000)
  to   space 2560K, 0% used [0x00000000ec100000,0x00000000ec100000,0x00000000ec380000)
 ParOldGen       total 44032K, used 7084K [0x00000000c1200000, 0x00000000c3d00000, 0x00000000eb100000)
  object space 44032K, 16% used [0x00000000c1200000,0x00000000c18eb308,0x00000000c3d00000)
 Metaspace       used 18571K, capacity 19165K, committed 19456K, reserved 1067008K
  class space    used 2067K, capacity 2264K, committed 2304K, reserved 1048576K
}
Event: 3.133 GC heap before
{Heap before GC invocations=5 (full 0):
 PSYoungGen      total 18944K, used 11725K [0x00000000eb100000, 0x00000000ed600000, 0x0000000100000000)
  eden space 16384K, 56% used [0x00000000eb100000,0x00000000eb9f75c8,0x00000000ec100000)
  from space 2560K, 99% used [0x00000000ec380000,0x00000000ec5fc030,0x00000000ec600000)
  to   space 2560K, 0% used [0x00000000ec100000,0x00000000ec100000,0x00000000ec380000)
 ParOldGen       total 44032K, used 7084K [0x00000000c1200000, 0x00000000c3d00000, 0x00000000eb100000)
  object space 44032K, 16% used [0x00000000c1200000,0x00000000c18eb308,0x00000000c3d00000)
 Metaspace       used 20433K, capacity 21105K, committed 21296K, reserved 1069056K
  class space    used 2350K, capacity 2569K, committed 2688K, reserved 1048576K
Event: 3.137 GC heap after
Heap after GC invocations=5 (full 0):
 PSYoungGen      total 18944K, used 2546K [0x00000000eb100000, 0x00000000ede00000, 0x0000000100000000)
  eden space 16384K, 0% used [0x00000000eb100000,0x00000000eb100000,0x00000000ec100000)
  from space 2560K, 99% used [0x00000000ec100000,0x00000000ec37cb70,0x00000000ec380000)
  to   space 6656K, 0% used [0x00000000ed780000,0x00000000ed780000,0x00000000ede00000)
 ParOldGen       total 44032K, used 8434K [0x00000000c1200000, 0x00000000c3d00000, 0x00000000eb100000)
  object space 44032K, 19% used [0x00000000c1200000,0x00000000c1a3c9a0,0x00000000c3d00000)
 Metaspace       used 20433K, capacity 21105K, committed 21296K, reserved 1069056K
  class space    used 2350K, capacity 2569K, committed 2688K, reserved 1048576K
}
Event: 3.137 GC heap before
{Heap before GC invocations=6 (full 1):
 PSYoungGen      total 18944K, used 2546K [0x00000000eb100000, 0x00000000ede00000, 0x0000000100000000)
  eden space 16384K, 0% used [0x00000000eb100000,0x00000000eb100000,0x00000000ec100000)
  from space 2560K, 99% used [0x00000000ec100000,0x00000000ec37cb70,0x00000000ec380000)
  to   space 6656K, 0% used [0x00000000ed780000,0x00000000ed780000,0x00000000ede00000)
 ParOldGen       total 44032K, used 8434K [0x00000000c1200000, 0x00000000c3d00000, 0x00000000eb100000)
  object space 44032K, 19% used [0x00000000c1200000,0x00000000c1a3c9a0,0x00000000c3d00000)
 Metaspace       used 20433K, capacity 21105K, committed 21296K, reserved 1069056K
  class space    used 2350K, capacity 2569K, committed 2688K, reserved 1048576K
Event: 3.169 GC heap after
Heap after GC invocations=6 (full 1):
 PSYoungGen      total 18944K, used 0K [0x00000000eb100000, 0x00000000ede00000, 0x0000000100000000)
  eden space 16384K, 0% used [0x00000000eb100000,0x00000000eb100000,0x00000000ec100000)
  from space 2560K, 0% used [0x00000000ec100000,0x00000000ec100000,0x00000000ec380000)
  to   space 6656K, 0% used [0x00000000ed780000,0x00000000ed780000,0x00000000ede00000)
 ParOldGen       total 33792K, used 5588K [0x00000000c1200000, 0x00000000c3300000, 0x00000000eb100000)
  object space 33792K, 16% used [0x00000000c1200000,0x00000000c17753d0,0x00000000c3300000)
 Metaspace       used 20433K, capacity 21105K, committed 21296K, reserved 1069056K
  class space    used 2350K, capacity 2569K, committed 2688K, reserved 1048576K
}

Deoptimization events (10 events):
Event: 2.867 Thread 0x0000000019b7c000 Uncommon trap: reason=unstable_if action=reinterpret pc=0x000000000509ecd0 method=java.util.HashMap.getNode(ILjava/lang/Object;)Ljava/util/HashMap$Node; @ 84
Event: 2.867 Thread 0x0000000019b7c000 Uncommon trap: reason=unstable_if action=reinterpret pc=0x000000000513e0d0 method=java.util.HashMap.getNode(ILjava/lang/Object;)Ljava/util/HashMap$Node; @ 84
Event: 2.977 Thread 0x0000000019b7c000 Uncommon trap: reason=class_check action=maybe_recompile pc=0x00000000052376a4 method=java.io.DataInputStream.readShort()S @ 4
Event: 2.977 Thread 0x0000000019b7c000 Uncommon trap: reason=class_check action=maybe_recompile pc=0x00000000052376a4 method=java.io.DataInputStream.readShort()S @ 4
Event: 2.977 Thread 0x0000000019b7c000 Uncommon trap: reason=class_check action=maybe_recompile pc=0x00000000052376a4 method=java.io.DataInputStream.readShort()S @ 4
Event: 2.977 Thread 0x0000000019b7c000 Uncommon trap: reason=class_check action=maybe_recompile pc=0x00000000052376a4 method=java.io.DataInputStream.readShort()S @ 4
Event: 2.982 Thread 0x0000000019b7c000 Uncommon trap: reason=class_check action=maybe_recompile pc=0x0000000004fbf5e8 method=java.lang.String.equals(Ljava/lang/Object;)Z @ 8
Event: 2.982 Thread 0x0000000019b7c000 Uncommon trap: reason=class_check action=maybe_recompile pc=0x0000000004fbf5e8 method=java.lang.String.equals(Ljava/lang/Object;)Z @ 8
Event: 2.982 Thread 0x0000000019b7c000 Uncommon trap: reason=class_check action=maybe_recompile pc=0x0000000004fbf5e8 method=java.lang.String.equals(Ljava/lang/Object;)Z @ 8
Event: 3.025 Thread 0x0000000019b7c000 Uncommon trap: reason=unstable_if action=reinterpret pc=0x0000000005221104 method=java.lang.String.regionMatches(ZILjava/lang/String;II)Z @ 123

Classes redefined (0 events):
No events

Internal exceptions (10 events):
Event: 2.903 Thread 0x0000000019b7c000 Exception <a 'java/security/PrivilegedActionException'> (0x00000000ebf50628) thrown at [C:\re\workspace\8-2-build-windows-amd64-cygwin\jdk8u152\9742\hotspot\src\share\vm\prims\jvm.cpp, line 1390]
Event: 2.903 Thread 0x0000000019b7c000 Exception <a 'java/security/PrivilegedActionException'> (0x00000000ebf50a20) thrown at [C:\re\workspace\8-2-build-windows-amd64-cygwin\jdk8u152\9742\hotspot\src\share\vm\prims\jvm.cpp, line 1390]
Event: 2.906 Thread 0x0000000019b7c000 Exception <a 'java/security/PrivilegedActionException'> (0x00000000ebf7ae80) thrown at [C:\re\workspace\8-2-build-windows-amd64-cygwin\jdk8u152\9742\hotspot\src\share\vm\prims\jvm.cpp, line 1390]
Event: 2.906 Thread 0x0000000019b7c000 Exception <a 'java/security/PrivilegedActionException'> (0x00000000ebf7b278) thrown at [C:\re\workspace\8-2-build-windows-amd64-cygwin\jdk8u152\9742\hotspot\src\share\vm\prims\jvm.cpp, line 1390]
Event: 2.907 Thread 0x0000000019b7c000 Exception <a 'java/security/PrivilegedActionException'> (0x00000000ebf81f00) thrown at [C:\re\workspace\8-2-build-windows-amd64-cygwin\jdk8u152\9742\hotspot\src\share\vm\prims\jvm.cpp, line 1390]
Event: 2.907 Thread 0x0000000019b7c000 Exception <a 'java/security/PrivilegedActionException'> (0x00000000ebf822f8) thrown at [C:\re\workspace\8-2-build-windows-amd64-cygwin\jdk8u152\9742\hotspot\src\share\vm\prims\jvm.cpp, line 1390]
Event: 3.082 Thread 0x0000000019b7c000 Exception <a 'java/security/PrivilegedActionException'> (0x00000000eb7e5c68) thrown at [C:\re\workspace\8-2-build-windows-amd64-cygwin\jdk8u152\9742\hotspot\src\share\vm\prims\jvm.cpp, line 1390]
Event: 3.082 Thread 0x0000000019b7c000 Exception <a 'java/security/PrivilegedActionException'> (0x00000000eb7e6060) thrown at [C:\re\workspace\8-2-build-windows-amd64-cygwin\jdk8u152\9742\hotspot\src\share\vm\prims\jvm.cpp, line 1390]
Event: 3.094 Thread 0x0000000004cd3800 Exception <a 'java/lang/NoSuchMethodError': java.lang.Object.lambda$notifyTimeListener$0(DLcom/firststory/firstoracle/window/notifying/TimeListener;)V> (0x00000000eb87a2d8) thrown at [C:\re\workspace\8-2-build-windows-amd64-cygwin\jdk8u152\9742\hotspot\sr
Event: 3.097 Thread 0x0000000004cd3800 Exception <a 'java/lang/NoSuchMethodError': java.lang.Object.lambda$notifyFpsListeners$0(ILcom/firststory/firstoracle/window/notifying/FpsListener;)V> (0x00000000eb88cf48) thrown at [C:\re\workspace\8-2-build-windows-amd64-cygwin\jdk8u152\9742\hotspot\src

Events (10 events):
Event: 3.236 loading class cuchaz/jfxgl/JFXGL$CheckedRunnable
Event: 3.236 loading class cuchaz/jfxgl/JFXGL$CheckedRunnable done
Event: 3.237 loading class cuchaz/jfxgl/JFXGL$CheckedRunnable
Event: 3.237 loading class cuchaz/jfxgl/JFXGL$CheckedRunnable done
Event: 3.238 loading class cuchaz/jfxgl/JFXGL$CheckedRunnable
Event: 3.238 loading class cuchaz/jfxgl/JFXGL$CheckedRunnable done
Event: 4.248 Executing VM operation: EnableBiasedLocking
Event: 4.248 Executing VM operation: EnableBiasedLocking done
Event: 6.253 Thread 0x0000000004cd3800 Thread exited: 0x0000000004cd3800
Event: 6.253 Thread 0x000000001abcd000 Thread added: 0x000000001abcd000


Dynamic libraries:
0x00007ff745d50000 - 0x00007ff745d87000 	C:\Program Files\Java\jdk1.8.0_152\bin\java.exe
0x00007ffc5de10000 - 0x00007ffc5dff0000 	C:\WINDOWS\SYSTEM32\ntdll.dll
0x00007ffc5b490000 - 0x00007ffc5b53e000 	C:\WINDOWS\System32\KERNEL32.DLL
0x00007ffc5b040000 - 0x00007ffc5b2a6000 	C:\WINDOWS\System32\KERNELBASE.dll
0x00007ffc5b6a0000 - 0x00007ffc5b741000 	C:\WINDOWS\System32\ADVAPI32.dll
0x00007ffc5b940000 - 0x00007ffc5b9dd000 	C:\WINDOWS\System32\msvcrt.dll
0x00007ffc5b310000 - 0x00007ffc5b36b000 	C:\WINDOWS\System32\sechost.dll
0x00007ffc5b750000 - 0x00007ffc5b86f000 	C:\WINDOWS\System32\RPCRT4.dll
0x00007ffc5d7b0000 - 0x00007ffc5d93f000 	C:\WINDOWS\System32\USER32.dll
0x00007ffc5a7c0000 - 0x00007ffc5a7e0000 	C:\WINDOWS\System32\win32u.dll
0x00007ffc5c010000 - 0x00007ffc5c038000 	C:\WINDOWS\System32\GDI32.dll
0x00007ffc5a230000 - 0x00007ffc5a3c4000 	C:\WINDOWS\System32\gdi32full.dll
0x00007ffc5a5a0000 - 0x00007ffc5a63b000 	C:\WINDOWS\System32\msvcp_win.dll
0x00007ffc5a6c0000 - 0x00007ffc5a7b6000 	C:\WINDOWS\System32\ucrtbase.dll
0x00007ffc48d80000 - 0x00007ffc48fe9000 	C:\WINDOWS\WinSxS\amd64_microsoft.windows.common-controls_6595b64144ccf1df_6.0.16299.64_none_cc9304e22215ca8f\COMCTL32.dll
0x00007ffc5d940000 - 0x00007ffc5dc48000 	C:\WINDOWS\System32\combase.dll
0x00007ffc5a640000 - 0x00007ffc5a6b2000 	C:\WINDOWS\System32\bcryptPrimitives.dll
0x00007ffc5b540000 - 0x00007ffc5b56d000 	C:\WINDOWS\System32\IMM32.DLL
0x0000000056770000 - 0x0000000056842000 	C:\Program Files\Java\jdk1.8.0_152\jre\bin\msvcr100.dll
0x00000000550e0000 - 0x0000000055980000 	C:\Program Files\Java\jdk1.8.0_152\jre\bin\server\jvm.dll
0x00007ffc5c300000 - 0x00007ffc5c308000 	C:\WINDOWS\System32\PSAPI.DLL
0x00007ffc52050000 - 0x00007ffc52059000 	C:\WINDOWS\SYSTEM32\WSOCK32.dll
0x00007ffc5b9e0000 - 0x00007ffc5ba4c000 	C:\WINDOWS\System32\WS2_32.dll
0x00007ffc571a0000 - 0x00007ffc571c3000 	C:\WINDOWS\SYSTEM32\WINMM.dll
0x00007ffc48d70000 - 0x00007ffc48d7a000 	C:\WINDOWS\SYSTEM32\VERSION.dll
0x00007ffc57140000 - 0x00007ffc5716a000 	C:\WINDOWS\SYSTEM32\WINMMBASE.dll
0x00007ffc5a1e0000 - 0x00007ffc5a22a000 	C:\WINDOWS\System32\cfgmgr32.dll
0x0000000056760000 - 0x000000005676f000 	C:\Program Files\Java\jdk1.8.0_152\jre\bin\verify.dll
0x0000000056730000 - 0x0000000056759000 	C:\Program Files\Java\jdk1.8.0_152\jre\bin\java.dll
0x00000000566e0000 - 0x0000000056703000 	C:\Program Files\Java\jdk1.8.0_152\jre\bin\instrument.dll
0x0000000056710000 - 0x0000000056726000 	C:\Program Files\Java\jdk1.8.0_152\jre\bin\zip.dll
0x00007ffc5c370000 - 0x00007ffc5d7a7000 	C:\WINDOWS\System32\SHELL32.dll
0x00007ffc5b5f0000 - 0x00007ffc5b696000 	C:\WINDOWS\System32\shcore.dll
0x00007ffc5a890000 - 0x00007ffc5afd7000 	C:\WINDOWS\System32\windows.storage.dll
0x00007ffc5c040000 - 0x00007ffc5c091000 	C:\WINDOWS\System32\shlwapi.dll
0x00007ffc5a130000 - 0x00007ffc5a141000 	C:\WINDOWS\System32\kernel.appcore.dll
0x00007ffc5a150000 - 0x00007ffc5a19c000 	C:\WINDOWS\System32\powrprof.dll
0x00007ffc5a1c0000 - 0x00007ffc5a1db000 	C:\WINDOWS\System32\profapi.dll
0x00007ffc56d40000 - 0x00007ffc56d5a000 	C:\Program Files\JetBrains\IntelliJ IDEA Community Edition 2017.2.5\bin\breakgen64.dll
0x00000000566c0000 - 0x00000000566da000 	C:\Program Files\Java\jdk1.8.0_152\jre\bin\net.dll
0x00007ffc599c0000 - 0x00007ffc59a26000 	C:\WINDOWS\system32\mswsock.dll
0x00000000566a0000 - 0x00000000566b1000 	C:\Program Files\Java\jdk1.8.0_152\jre\bin\nio.dll
0x00007ffc511e0000 - 0x00007ffc51238000 	C:\Users\n1t4c\AppData\Local\Temp\lwjgln1t4c\3.1.3-SNAPSHOT\lwjgl.dll
0x00007ffc4a420000 - 0x00007ffc4a49d000 	C:\Users\n1t4c\AppData\Local\Temp\lwjgln1t4c\3.1.3-SNAPSHOT\lwjgl_stb.dll
0x0000000056500000 - 0x0000000056698000 	C:\Program Files\Java\jdk1.8.0_152\jre\bin\awt.dll
0x00007ffc5b870000 - 0x00007ffc5b935000 	C:\WINDOWS\System32\OLEAUT32.dll
0x00007ffc585b0000 - 0x00007ffc58637000 	C:\WINDOWS\SYSTEM32\apphelp.dll
0x00007ffc589f0000 - 0x00007ffc58a1a000 	C:\WINDOWS\system32\DWMAPI.DLL
0x00007ffc58730000 - 0x00007ffc587c5000 	C:\WINDOWS\system32\uxtheme.dll
0x00007ffc59b80000 - 0x00007ffc59b97000 	C:\WINDOWS\SYSTEM32\CRYPTSP.dll
0x00007ffc595d0000 - 0x00007ffc59603000 	C:\WINDOWS\system32\rsaenh.dll
0x00007ffc59c90000 - 0x00007ffc59cb5000 	C:\WINDOWS\SYSTEM32\bcrypt.dll
0x00007ffc5a030000 - 0x00007ffc5a059000 	C:\WINDOWS\SYSTEM32\USERENV.dll
0x00007ffc59ba0000 - 0x00007ffc59bab000 	C:\WINDOWS\SYSTEM32\CRYPTBASE.dll
0x00007ffc59750000 - 0x00007ffc59789000 	C:\WINDOWS\SYSTEM32\IPHLPAPI.DLL
0x00007ffc5b370000 - 0x00007ffc5b378000 	C:\WINDOWS\System32\NSI.dll
0x00007ffc4e250000 - 0x00007ffc4e266000 	C:\WINDOWS\SYSTEM32\dhcpcsvc6.DLL
0x00007ffc4fd80000 - 0x00007ffc4fd9a000 	C:\WINDOWS\SYSTEM32\dhcpcsvc.DLL
0x00007ffc4f010000 - 0x00007ffc4f05d000 	C:\Users\n1t4c\AppData\Local\Temp\lwjgln1t4c\3.1.3-SNAPSHOT\glfw.dll
0x00007ffc5bea0000 - 0x00007ffc5c007000 	C:\WINDOWS\System32\MSCTF.dll
0x00007ffc55cc0000 - 0x00007ffc55cee000 	C:\WINDOWS\SYSTEM32\inputhost.dll
0x00007ffc572c0000 - 0x00007ffc5739d000 	C:\WINDOWS\SYSTEM32\CoreMessaging.dll
0x00007ffc56260000 - 0x00007ffc5654e000 	C:\WINDOWS\SYSTEM32\CoreUIComponents.dll
0x00007ffc59270000 - 0x00007ffc592a1000 	C:\WINDOWS\SYSTEM32\ntmarta.dll
0x00007ffc56110000 - 0x00007ffc56246000 	C:\WINDOWS\SYSTEM32\wintypes.dll
0x00007ffc34430000 - 0x00007ffc344d9000 	C:\Program Files\Common Files\microsoft shared\ink\tiptsf.dll
0x00007ffc387d0000 - 0x00007ffc388ee000 	C:\WINDOWS\SYSTEM32\opengl32.dll
0x00007ffc42f90000 - 0x00007ffc42fbc000 	C:\WINDOWS\SYSTEM32\GLU32.dll
0x00007ffc27960000 - 0x00007ffc286bf000 	C:\WINDOWS\System32\DriverStore\FileRepository\atgh4627.inf_amd64_1a9e52b1bbedf409\ig9icd64.dll
0x00007ffc56f00000 - 0x00007ffc56f13000 	C:\WINDOWS\SYSTEM32\WTSAPI32.dll
0x00007ffc540e0000 - 0x00007ffc5523e000 	C:\WINDOWS\System32\DriverStore\FileRepository\atgh4627.inf_amd64_1a9e52b1bbedf409\igc64.dll
0x00007ffc58fa0000 - 0x00007ffc5904f000 	C:\WINDOWS\SYSTEM32\dxgi.dll
0x00007ffc57d90000 - 0x00007ffc58072000 	C:\WINDOWS\SYSTEM32\d3d11.dll
0x00007ffc3e230000 - 0x00007ffc3e28f000 	C:\Users\n1t4c\AppData\Local\Temp\lwjgln1t4c\3.1.3-SNAPSHOT\lwjgl_opengl.dll
0x00007ffc43370000 - 0x00007ffc43408000 	C:\WINDOWS\System32\TextInputFramework.dll
0x00007ffc33cb0000 - 0x00007ffc33d9f000 	C:\Windows\System32\msvcr120.dll
0x00007ffc36050000 - 0x00007ffc360f6000 	C:\Windows\System32\msvcp120.dll
0x00000000564e0000 - 0x00000000564f4000 	C:\Program Files\Java\jdk1.8.0_152\jre\bin\javafx_font.dll
0x00007ffc5dc50000 - 0x00007ffc5dd99000 	C:\WINDOWS\System32\ole32.dll
0x00007ffc53d30000 - 0x00007ffc53d46000 	C:\WINDOWS\SYSTEM32\VCRUNTIME140.dll
0x00007ffc337b0000 - 0x00007ffc3384c000 	C:\WINDOWS\SYSTEM32\MSVCP140.dll
0x00007ffc40e30000 - 0x00007ffc4113f000 	C:\WINDOWS\SYSTEM32\dwrite.dll
0x00007ffc4fea0000 - 0x00007ffc50068000 	C:\WINDOWS\SYSTEM32\dbghelp.dll

VM Arguments:
jvm_args: -javaagent:C:\Program Files\JetBrains\IntelliJ IDEA Community Edition 2017.2.5\lib\idea_rt.jar=54542:C:\Program Files\JetBrains\IntelliJ IDEA Community Edition 2017.2.5\bin -Dfile.encoding=UTF-8 
java_command: com.firststory.firstoracle.templates.MainTemplate2D
java_class_path (initial): C:\Program Files\Java\jdk1.8.0_152\jre\lib\charsets.jar;C:\Program Files\Java\jdk1.8.0_152\jre\lib\deploy.jar;C:\Program Files\Java\jdk1.8.0_152\jre\lib\ext\access-bridge-64.jar;C:\Program Files\Java\jdk1.8.0_152\jre\lib\ext\cldrdata.jar;C:\Program Files\Java\jdk1.8.0_152\jre\lib\ext\dnsns.jar;C:\Program Files\Java\jdk1.8.0_152\jre\lib\ext\jaccess.jar;C:\Program Files\Java\jdk1.8.0_152\jre\lib\ext\jfxrt.jar;C:\Program Files\Java\jdk1.8.0_152\jre\lib\ext\localedata.jar;C:\Program Files\Java\jdk1.8.0_152\jre\lib\ext\nashorn.jar;C:\Program Files\Java\jdk1.8.0_152\jre\lib\ext\sunec.jar;C:\Program Files\Java\jdk1.8.0_152\jre\lib\ext\sunjce_provider.jar;C:\Program Files\Java\jdk1.8.0_152\jre\lib\ext\sunmscapi.jar;C:\Program Files\Java\jdk1.8.0_152\jre\lib\ext\sunpkcs11.jar;C:\Program Files\Java\jdk1.8.0_152\jre\lib\ext\zipfs.jar;C:\Program Files\Java\jdk1.8.0_152\jre\lib\javaws.jar;C:\Program Files\Java\jdk1.8.0_152\jre\lib\jce.jar;C:\Program Files\Java\jdk1.8.0_152\jre\lib\jfr.jar;C:\Program Files\Java\jdk1.8.0_152\jre\lib\jfxswt.jar;C:\Program Files\Java\jdk1.8.0_152\jre\lib\jsse.jar;C:\Program Files\Java\jdk1.8.0_152\jre\lib\management-agent.jar;C:\Program Files\Java\jdk1.8.0_152\jre\lib\plugin.jar;C:\Program Files\Java\jdk1.8.0_152\jre\lib\resources.jar;C:\Program Files\Java\jdk1.8.0_152\jre\lib\rt.jar;S:\OneDrive\First Story\FirstStory\FirstOracle\FirstOracle-Engine\target\classes;S:\OneDrive\First Story\FirstStory\FirstOracle\FirstOracle-Interfaces\target\classes;S:\OneDrive\First Story\FirstStory\FirstOracle\FirstOracle-Impl\target\classes;C:\Users\n1t4c\.m2\repository\jfxgl\jfxgl\0.5-SNAPSHOT\jfxgl-0.5-SNAPSHOT.jar;C:\Users\n1t4c\.m2\repository\jfxgl\jfxgl-jfxrt\0.5-SNAPSHOT\jfxgl-jfxrt-0.5-SNAPSHOT.jar;C:\Users\n1t4c\.m2\repository\org\lwjgl\lwjgl\3.1.3\lwjgl-3.1.3.jar;C:\Users\n1t4c\.m2\repository\org\lwjgl\lwjgl-glfw\3.1.3\lwjgl-glfw-3.1.3.jar;C:\Users\n1t4c\.m2\repository\org\lwjgl\lwjgl-nuklear\3.1.3\lwjgl-nuklear-3.1.3.jar;C:\Use
Launcher Type: SUN_STANDARD

Environment Variables:
JAVA_HOME=C:\Program Files\Java\jdk1.8.0_152
PATH=C:\ProgramData\Oracle\Java\javapath;C:\WINDOWS\system32;C:\WINDOWS;C:\WINDOWS\System32\Wbem;C:\WINDOWS\System32\WindowsPowerShell\v1.0\;C:\Program Files\TortoiseGit\bin;C:\Program Files\Git\cmd;C:\Program Files\TortoiseSVN\bin;C:\Users\n1t4c\AppData\Local\Julia-0.6.0\bin;S:\maven\bin;C:\OpenSSL-Win32\bin;S:\flex\bin;S:\mingw\bin;S:\bizon\bin;S:\mingw\msys\1.0\bin;C:\Users\n1t4c\AppData\Local\Microsoft\WindowsApps;C:\Users\n1t4c\AppData\Local\GitHubDesktop\bin;%USERPROFILE%\AppData\Local\Microsoft\WindowsApps;
USERNAME=n1t4c
OS=Windows_NT
PROCESSOR_IDENTIFIER=Intel64 Family 6 Model 78 Stepping 3, GenuineIntel



---------------  S Y S T E M  ---------------

OS: Windows 10.0 , 64 bit Build 16299 (10.0.16299.15)

CPU:total 4 (initial active 4) (2 cores per cpu, 2 threads per core) family 6 model 78 stepping 3, cmov, cx8, fxsr, mmx, sse, sse2, sse3, ssse3, sse4.1, sse4.2, popcnt, avx, avx2, aes, clmul, erms, rtm, 3dnowpref, lzcnt, ht, tsc, tscinvbit, bmi1, bmi2, adx

Memory: 4k page, physical 4117612k(610376k free), swap 7787628k(2185076k free)

vm_info: Java HotSpot(TM) 64-Bit Server VM (25.152-b16) for windows-amd64 JRE (1.8.0_152-b16), built on Sep 14 2017 02:29:36 by "java_re" with MS VC++ 10.0 (VS2010)

time: Mon Dec 04 13:35:59 2017
elapsed time: 6 seconds (0d 0h 0m 6s)

