#
# A fatal error has been detected by the Java Runtime Environment:
#
#  EXCEPTION_ACCESS_VIOLATION (0xc0000005) at pc=0x0000000004f50000, pid=9464, tid=0x0000000000000a14
#
# JRE version: Java(TM) SE Runtime Environment (8.0_152-b16) (build 1.8.0_152-b16)
# Java VM: Java HotSpot(TM) 64-Bit Server VM (25.152-b16 mixed mode windows-amd64 compressed oops)
# Problematic frame:
# C  0x0000000004f50000
#
# Failed to write core dump. Minidumps are not enabled by default on client versions of Windows
#
# If you would like to submit a bug report, please visit:
#   http://bugreport.java.com/bugreport/crash.jsp
# The crash happened outside the Java Virtual Machine in native code.
# See problematic frame for where to report the bug.
#

---------------  T H R E A D  ---------------

Current thread (0x000000001b13e000):  JavaThread "Thread-1" [_thread_in_native, id=2580, stack(0x0000000021660000,0x0000000021760000)]

siginfo: ExceptionCode=0xc0000005, ExceptionInformation=0x0000000000000008 0x0000000004f50000

Registers:
RAX=0x0000000004f50000, RBX=0x000000001a950730, RCX=0x0000000000010001, RDX=0x000000002175f240
RSP=0x000000002175f208, RBP=0x000000002175f710, RSI=0x0000000000000408, RDI=0x0000000000010001
R8 =0x00007ffc4f013170, R9 =0x0000000000008000, R10=0x00007ffc511e1a00, R11=0x000000002175f668
R12=0x0000000000000000, R13=0x000000002175f768, R14=0x000000002175f700, R15=0x000000001b13e000
RIP=0x0000000004f50000, EFLAGS=0x0000000000010206

Top of Stack: (sp=0x000000002175f208)
0x000000002175f208:   00007ffc4f011dfc 00000000179c6aa0
0x000000002175f218:   000000002175f370 000000002175f300
0x000000002175f228:   00000000ffffffff 0000000000000003
0x000000002175f238:   000000002175f268 57464c4720656854
0x000000002175f248:   7972617262696c20 20746f6e20736920
0x000000002175f258:   696c616974696e69 000000000064657a
0x000000002175f268:   00000000171bc708 000000001b13e000
0x000000002175f278:   00000000171bc708 000000001b13e000
0x000000002175f288:   0000000055181cfc 0000000000000003
0x000000002175f298:   000000001b13e000 00000000ffffffff
0x000000002175f2a8:   00007ffc5b09aa25 000000001b13e000
0x000000002175f2b8:   0000000055185b59 000000002175f360
0x000000002175f2c8:   000000002175f3f0 000000002175f300
0x000000002175f2d8:   000000005573c328 ffffffff00000100
0x000000002175f2e8:   0000000000eb9000 0000000000000001
0x000000002175f2f8:   0000000000000102 fffffffffffe7960 

Instructions: (pc=0x0000000004f50000)
0x0000000004f4ffe0:   
[error occurred during error reporting (printing registers, top of stack, instructions near pc), id 0xc0000005]

Register to memory mapping:

RAX=0x0000000004f50000 is an unknown value
RBX={method} {0x000000001a950738} 'glfwGetTime' '()D' in 'org/lwjgl/glfw/GLFW'
RCX=0x0000000000010001 is an unknown value
RDX=0x000000002175f240 is pointing into the stack for thread: 0x000000001b13e000
RSP=0x000000002175f208 is pointing into the stack for thread: 0x000000001b13e000
RBP=0x000000002175f710 is pointing into the stack for thread: 0x000000001b13e000
RSI=0x0000000000000408 is an unknown value
RDI=0x0000000000010001 is an unknown value
R8 =0x00007ffc4f013170 is an unknown value
R9 =0x0000000000008000 is an unknown value
R10=0x00007ffc511e1a00 is an unknown value
R11=0x000000002175f668 is pointing into the stack for thread: 0x000000001b13e000
R12=0x0000000000000000 is an unknown value
R13=0x000000002175f768 is pointing into the stack for thread: 0x000000001b13e000
R14=0x000000002175f700 is pointing into the stack for thread: 0x000000001b13e000
R15=0x000000001b13e000 is a thread


Stack: [0x0000000021660000,0x0000000021760000],  sp=0x000000002175f208,  free space=1020k
Native frames: (J=compiled Java code, j=interpreted, Vv=VM code, C=native code)
C  0x0000000004f50000

Java frames: (J=compiled Java code, j=interpreted, Vv=VM code)
J 1373  org.lwjgl.system.JNI.invokeD(J)D (0 bytes) @ 0x0000000005896841 [0x0000000005896800+0x41]
J 1372 C1 org.lwjgl.glfw.GLFW.glfwGetTime()D (9 bytes) @ 0x0000000005896c24 [0x0000000005896bc0+0x64]
j  com.firststory.firstoracle.controller.CameraController.run()V+53
j  java.lang.Thread.run()V+11
v  ~StubRoutines::call_stub

---------------  P R O C E S S  ---------------

Java Threads: ( => current thread )
  0x000000001b189000 JavaThread "Prism Font Disposer" daemon [_thread_blocked, id=5836, stack(0x0000000023980000,0x0000000023a80000)]
  0x0000000019ac8000 JavaThread "FXEvents" [_thread_blocked, id=6896, stack(0x00000000223a0000,0x00000000224a0000)]
  0x000000001a180800 JavaThread "Thread-2" [_thread_blocked, id=1256, stack(0x0000000021860000,0x0000000021960000)]
=>0x000000001b13e000 JavaThread "Thread-1" [_thread_in_native, id=2580, stack(0x0000000021660000,0x0000000021760000)]
  0x0000000019c3b000 JavaThread "Java2D Disposer" daemon [_thread_blocked, id=8876, stack(0x000000001a600000,0x000000001a700000)]
  0x00000000190df800 JavaThread "Service Thread" daemon [_thread_blocked, id=9076, stack(0x0000000019810000,0x0000000019910000)]
  0x0000000017a1e000 JavaThread "C1 CompilerThread2" daemon [_thread_blocked, id=9732, stack(0x0000000019710000,0x0000000019810000)]
  0x00000000190ca800 JavaThread "C2 CompilerThread1" daemon [_thread_blocked, id=2516, stack(0x0000000019610000,0x0000000019710000)]
  0x00000000190c5000 JavaThread "C2 CompilerThread0" daemon [_thread_blocked, id=10248, stack(0x0000000019510000,0x0000000019610000)]
  0x00000000190ba000 JavaThread "Monitor Ctrl-Break" daemon [_thread_in_native, id=2812, stack(0x0000000019410000,0x0000000019510000)]
  0x00000000179bb800 JavaThread "Attach Listener" daemon [_thread_blocked, id=10936, stack(0x0000000018f10000,0x0000000019010000)]
  0x00000000179ca800 JavaThread "Signal Dispatcher" daemon [_thread_blocked, id=10476, stack(0x0000000018e10000,0x0000000018f10000)]
  0x000000000539e800 JavaThread "Finalizer" daemon [_thread_blocked, id=11580, stack(0x0000000018c20000,0x0000000018d20000)]
  0x0000000005393000 JavaThread "Reference Handler" daemon [_thread_blocked, id=6848, stack(0x0000000018b20000,0x0000000018c20000)]
  0x00000000052a3800 JavaThread "main" [_thread_in_native, id=11108, stack(0x0000000004f70000,0x0000000005070000)]

Other Threads:
  0x0000000017987800 VMThread [stack: 0x0000000018a20000,0x0000000018b20000] [id=5628]
  0x00000000191ea000 WatcherThread [stack: 0x0000000019910000,0x0000000019a10000] [id=9276]

VM state:not at safepoint (normal execution)

VM Mutex/Monitor currently owned by a thread: None

Heap:
 PSYoungGen      total 18944K, used 2245K [0x00000000eb100000, 0x00000000ede00000, 0x0000000100000000)
  eden space 16384K, 13% used [0x00000000eb100000,0x00000000eb3316d0,0x00000000ec100000)
  from space 2560K, 0% used [0x00000000ec100000,0x00000000ec100000,0x00000000ec380000)
  to   space 6656K, 0% used [0x00000000ed780000,0x00000000ed780000,0x00000000ede00000)
 ParOldGen       total 33792K, used 6476K [0x00000000c1200000, 0x00000000c3300000, 0x00000000eb100000)
  object space 33792K, 19% used [0x00000000c1200000,0x00000000c18533d8,0x00000000c3300000)
 Metaspace       used 20683K, capacity 21383K, committed 21552K, reserved 1069056K
  class space    used 2371K, capacity 2578K, committed 2688K, reserved 1048576K

Card table byte_map: [0x0000000014760000,0x0000000014960000] byte_map_base: 0x0000000014157000

Marking Bits: (ParMarkBitMap*) 0x0000000055900860
 Begin Bits: [0x0000000014eb0000, 0x0000000015e68000)
 End Bits:   [0x0000000015e68000, 0x0000000016e20000)

Polling page: 0x0000000004e70000

CodeCache: size=245760Kb used=5222Kb max_used=5222Kb free=240537Kb
 bounds [0x00000000053a0000, 0x00000000058c0000, 0x00000000143a0000]
 total_blobs=2588 nmethods=1429 adapters=1072
 compilation: enabled

Compilation events (10 events):
Event: 3.155 Thread 0x00000000190c5000 nmethod 1369 0x0000000005897710 code [0x0000000005897860, 0x0000000005897968]
Event: 3.156 Thread 0x0000000017a1e000 nmethod 1366 0x0000000005897a90 code [0x0000000005897ec0, 0x0000000005899e28]
Event: 3.156 Thread 0x0000000017a1e000 1367       3       com.firststory.firstoracle.object2D.Terrain2D::getTransformations (7 bytes)
Event: 3.156 Thread 0x0000000017a1e000 nmethod 1367 0x0000000005897310 code [0x0000000005897480, 0x0000000005897688]
Event: 4.791 Thread 0x0000000017a1e000 1371       3       java.util.concurrent.ConcurrentHashMap::sumCount (48 bytes)
Event: 4.792 Thread 0x0000000017a1e000 nmethod 1371 0x0000000005896dd0 code [0x0000000005896f40, 0x00000000058971f0]
Event: 4.844 Thread 0x0000000017a1e000 1372       3       org.lwjgl.glfw.GLFW::glfwGetTime (9 bytes)
Event: 4.844 Thread 0x0000000017a1e000 nmethod 1372 0x0000000005896a50 code [0x0000000005896bc0, 0x0000000005896d28]
Event: 4.889 Thread 0x0000000017a1e000 1375       3       java.util.concurrent.ConcurrentHashMap::isEmpty (15 bytes)
Event: 4.889 Thread 0x0000000017a1e000 nmethod 1375 0x0000000005895e90 code [0x0000000005896000, 0x0000000005896268]

GC Heap History (10 events):
Event: 2.362 GC heap before
{Heap before GC invocations=2 (full 0):
 PSYoungGen      total 18944K, used 18376K [0x00000000eb100000, 0x00000000ec600000, 0x0000000100000000)
  eden space 16384K, 100% used [0x00000000eb100000,0x00000000ec100000,0x00000000ec100000)
  from space 2560K, 77% used [0x00000000ec100000,0x00000000ec2f23c0,0x00000000ec380000)
  to   space 2560K, 0% used [0x00000000ec380000,0x00000000ec380000,0x00000000ec600000)
 ParOldGen       total 44032K, used 8K [0x00000000c1200000, 0x00000000c3d00000, 0x00000000eb100000)
  object space 44032K, 0% used [0x00000000c1200000,0x00000000c1202000,0x00000000c3d00000)
 Metaspace       used 13301K, capacity 13725K, committed 13824K, reserved 1060864K
  class space    used 1315K, capacity 1480K, committed 1536K, reserved 1048576K
Event: 2.366 GC heap after
Heap after GC invocations=2 (full 0):
 PSYoungGen      total 18944K, used 2529K [0x00000000eb100000, 0x00000000ec600000, 0x0000000100000000)
  eden space 16384K, 0% used [0x00000000eb100000,0x00000000eb100000,0x00000000ec100000)
  from space 2560K, 98% used [0x00000000ec380000,0x00000000ec5f85d0,0x00000000ec600000)
  to   space 2560K, 0% used [0x00000000ec100000,0x00000000ec100000,0x00000000ec380000)
 ParOldGen       total 44032K, used 1571K [0x00000000c1200000, 0x00000000c3d00000, 0x00000000eb100000)
  object space 44032K, 3% used [0x00000000c1200000,0x00000000c1388fc8,0x00000000c3d00000)
 Metaspace       used 13301K, capacity 13725K, committed 13824K, reserved 1060864K
  class space    used 1315K, capacity 1480K, committed 1536K, reserved 1048576K
}
Event: 2.638 GC heap before
{Heap before GC invocations=3 (full 0):
 PSYoungGen      total 18944K, used 18902K [0x00000000eb100000, 0x00000000ec600000, 0x0000000100000000)
  eden space 16384K, 99% used [0x00000000eb100000,0x00000000ec0fd590,0x00000000ec100000)
  from space 2560K, 98% used [0x00000000ec380000,0x00000000ec5f85d0,0x00000000ec600000)
  to   space 2560K, 0% used [0x00000000ec100000,0x00000000ec100000,0x00000000ec380000)
 ParOldGen       total 44032K, used 1571K [0x00000000c1200000, 0x00000000c3d00000, 0x00000000eb100000)
  object space 44032K, 3% used [0x00000000c1200000,0x00000000c1388fc8,0x00000000c3d00000)
 Metaspace       used 16139K, capacity 16661K, committed 16768K, reserved 1064960K
  class space    used 1717K, capacity 1910K, committed 1920K, reserved 1048576K
Event: 2.643 GC heap after
Heap after GC invocations=3 (full 0):
 PSYoungGen      total 18944K, used 2529K [0x00000000eb100000, 0x00000000ec600000, 0x0000000100000000)
  eden space 16384K, 0% used [0x00000000eb100000,0x00000000eb100000,0x00000000ec100000)
  from space 2560K, 98% used [0x00000000ec100000,0x00000000ec3785d0,0x00000000ec380000)
  to   space 2560K, 0% used [0x00000000ec380000,0x00000000ec380000,0x00000000ec600000)
 ParOldGen       total 44032K, used 4360K [0x00000000c1200000, 0x00000000c3d00000, 0x00000000eb100000)
  object space 44032K, 9% used [0x00000000c1200000,0x00000000c1642378,0x00000000c3d00000)
 Metaspace       used 16139K, capacity 16661K, committed 16768K, reserved 1064960K
  class space    used 1717K, capacity 1910K, committed 1920K, reserved 1048576K
}
Event: 2.902 GC heap before
{Heap before GC invocations=4 (full 0):
 PSYoungGen      total 18944K, used 18913K [0x00000000eb100000, 0x00000000ec600000, 0x0000000100000000)
  eden space 16384K, 100% used [0x00000000eb100000,0x00000000ec100000,0x00000000ec100000)
  from space 2560K, 98% used [0x00000000ec100000,0x00000000ec3785d0,0x00000000ec380000)
  to   space 2560K, 0% used [0x00000000ec380000,0x00000000ec380000,0x00000000ec600000)
 ParOldGen       total 44032K, used 4360K [0x00000000c1200000, 0x00000000c3d00000, 0x00000000eb100000)
  object space 44032K, 9% used [0x00000000c1200000,0x00000000c1642378,0x00000000c3d00000)
 Metaspace       used 18581K, capacity 19175K, committed 19456K, reserved 1067008K
  class space    used 2067K, capacity 2269K, committed 2304K, reserved 1048576K
Event: 2.907 GC heap after
Heap after GC invocations=4 (full 0):
 PSYoungGen      total 18944K, used 2545K [0x00000000eb100000, 0x00000000ed600000, 0x0000000100000000)
  eden space 16384K, 0% used [0x00000000eb100000,0x00000000eb100000,0x00000000ec100000)
  from space 2560K, 99% used [0x00000000ec380000,0x00000000ec5fc5e0,0x00000000ec600000)
  to   space 2560K, 0% used [0x00000000ec100000,0x00000000ec100000,0x00000000ec380000)
 ParOldGen       total 44032K, used 7081K [0x00000000c1200000, 0x00000000c3d00000, 0x00000000eb100000)
  object space 44032K, 16% used [0x00000000c1200000,0x00000000c18ea400,0x00000000c3d00000)
 Metaspace       used 18581K, capacity 19175K, committed 19456K, reserved 1067008K
  class space    used 2067K, capacity 2269K, committed 2304K, reserved 1048576K
}
Event: 3.080 GC heap before
{Heap before GC invocations=5 (full 0):
 PSYoungGen      total 18944K, used 11839K [0x00000000eb100000, 0x00000000ed600000, 0x0000000100000000)
  eden space 16384K, 56% used [0x00000000eb100000,0x00000000eba139e8,0x00000000ec100000)
  from space 2560K, 99% used [0x00000000ec380000,0x00000000ec5fc5e0,0x00000000ec600000)
  to   space 2560K, 0% used [0x00000000ec100000,0x00000000ec100000,0x00000000ec380000)
 ParOldGen       total 44032K, used 7081K [0x00000000c1200000, 0x00000000c3d00000, 0x00000000eb100000)
  object space 44032K, 16% used [0x00000000c1200000,0x00000000c18ea400,0x00000000c3d00000)
 Metaspace       used 20458K, capacity 21115K, committed 21296K, reserved 1069056K
  class space    used 2351K, capacity 2574K, committed 2688K, reserved 1048576K
Event: 3.084 GC heap after
Heap after GC invocations=5 (full 0):
 PSYoungGen      total 18944K, used 2545K [0x00000000eb100000, 0x00000000ede00000, 0x0000000100000000)
  eden space 16384K, 0% used [0x00000000eb100000,0x00000000eb100000,0x00000000ec100000)
  from space 2560K, 99% used [0x00000000ec100000,0x00000000ec37c5c0,0x00000000ec380000)
  to   space 6656K, 0% used [0x00000000ed780000,0x00000000ed780000,0x00000000ede00000)
 ParOldGen       total 44032K, used 8504K [0x00000000c1200000, 0x00000000c3d00000, 0x00000000eb100000)
  object space 44032K, 19% used [0x00000000c1200000,0x00000000c1a4e0f0,0x00000000c3d00000)
 Metaspace       used 20458K, capacity 21115K, committed 21296K, reserved 1069056K
  class space    used 2351K, capacity 2574K, committed 2688K, reserved 1048576K
}
Event: 3.084 GC heap before
{Heap before GC invocations=6 (full 1):
 PSYoungGen      total 18944K, used 2545K [0x00000000eb100000, 0x00000000ede00000, 0x0000000100000000)
  eden space 16384K, 0% used [0x00000000eb100000,0x00000000eb100000,0x00000000ec100000)
  from space 2560K, 99% used [0x00000000ec100000,0x00000000ec37c5c0,0x00000000ec380000)
  to   space 6656K, 0% used [0x00000000ed780000,0x00000000ed780000,0x00000000ede00000)
 ParOldGen       total 44032K, used 8504K [0x00000000c1200000, 0x00000000c3d00000, 0x00000000eb100000)
  object space 44032K, 19% used [0x00000000c1200000,0x00000000c1a4e0f0,0x00000000c3d00000)
 Metaspace       used 20458K, capacity 21115K, committed 21296K, reserved 1069056K
  class space    used 2351K, capacity 2574K, committed 2688K, reserved 1048576K
Event: 3.115 GC heap after
Heap after GC invocations=6 (full 1):
 PSYoungGen      total 18944K, used 0K [0x00000000eb100000, 0x00000000ede00000, 0x0000000100000000)
  eden space 16384K, 0% used [0x00000000eb100000,0x00000000eb100000,0x00000000ec100000)
  from space 2560K, 0% used [0x00000000ec100000,0x00000000ec100000,0x00000000ec380000)
  to   space 6656K, 0% used [0x00000000ed780000,0x00000000ed780000,0x00000000ede00000)
 ParOldGen       total 33792K, used 6476K [0x00000000c1200000, 0x00000000c3300000, 0x00000000eb100000)
  object space 33792K, 19% used [0x00000000c1200000,0x00000000c18533d8,0x00000000c3300000)
 Metaspace       used 20458K, capacity 21115K, committed 21296K, reserved 1069056K
  class space    used 2351K, capacity 2574K, committed 2688K, reserved 1048576K
}

Deoptimization events (10 events):
Event: 2.830 Thread 0x0000000019ac8000 Uncommon trap: reason=unstable_if action=reinterpret pc=0x00000000056eeb88 method=java.util.HashMap.getNode(ILjava/lang/Object;)Ljava/util/HashMap$Node; @ 84
Event: 2.830 Thread 0x0000000019ac8000 Uncommon trap: reason=unstable_if action=reinterpret pc=0x00000000056c8ae0 method=java.util.HashMap.getNode(ILjava/lang/Object;)Ljava/util/HashMap$Node; @ 84
Event: 2.943 Thread 0x0000000019ac8000 Uncommon trap: reason=class_check action=maybe_recompile pc=0x0000000005813364 method=java.io.DataInputStream.readShort()S @ 4
Event: 2.943 Thread 0x0000000019ac8000 Uncommon trap: reason=class_check action=maybe_recompile pc=0x0000000005813364 method=java.io.DataInputStream.readShort()S @ 4
Event: 2.943 Thread 0x0000000019ac8000 Uncommon trap: reason=class_check action=maybe_recompile pc=0x0000000005813364 method=java.io.DataInputStream.readShort()S @ 4
Event: 2.943 Thread 0x0000000019ac8000 Uncommon trap: reason=class_check action=maybe_recompile pc=0x0000000005813364 method=java.io.DataInputStream.readShort()S @ 4
Event: 2.948 Thread 0x0000000019ac8000 Uncommon trap: reason=class_check action=maybe_recompile pc=0x0000000005584328 method=java.lang.String.equals(Ljava/lang/Object;)Z @ 8
Event: 2.948 Thread 0x0000000019ac8000 Uncommon trap: reason=class_check action=maybe_recompile pc=0x0000000005584328 method=java.lang.String.equals(Ljava/lang/Object;)Z @ 8
Event: 2.948 Thread 0x0000000019ac8000 Uncommon trap: reason=class_check action=maybe_recompile pc=0x0000000005584328 method=java.lang.String.equals(Ljava/lang/Object;)Z @ 8
Event: 2.982 Thread 0x0000000019ac8000 Uncommon trap: reason=unstable_if action=reinterpret pc=0x00000000057fdf44 method=java.lang.String.regionMatches(ZILjava/lang/String;II)Z @ 123

Classes redefined (0 events):
No events

Internal exceptions (10 events):
Event: 2.873 Thread 0x0000000019ac8000 Exception <a 'java/security/PrivilegedActionException'> (0x00000000ebf91ca8) thrown at [C:\re\workspace\8-2-build-windows-amd64-cygwin\jdk8u152\9742\hotspot\src\share\vm\prims\jvm.cpp, line 1390]
Event: 2.873 Thread 0x0000000019ac8000 Exception <a 'java/security/PrivilegedActionException'> (0x00000000ebf98930) thrown at [C:\re\workspace\8-2-build-windows-amd64-cygwin\jdk8u152\9742\hotspot\src\share\vm\prims\jvm.cpp, line 1390]
Event: 2.873 Thread 0x0000000019ac8000 Exception <a 'java/security/PrivilegedActionException'> (0x00000000ebf98d28) thrown at [C:\re\workspace\8-2-build-windows-amd64-cygwin\jdk8u152\9742\hotspot\src\share\vm\prims\jvm.cpp, line 1390]
Event: 3.037 Thread 0x0000000019ac8000 Exception <a 'java/security/PrivilegedActionException'> (0x00000000eb807410) thrown at [C:\re\workspace\8-2-build-windows-amd64-cygwin\jdk8u152\9742\hotspot\src\share\vm\prims\jvm.cpp, line 1390]
Event: 3.037 Thread 0x0000000019ac8000 Exception <a 'java/security/PrivilegedActionException'> (0x00000000eb807808) thrown at [C:\re\workspace\8-2-build-windows-amd64-cygwin\jdk8u152\9742\hotspot\src\share\vm\prims\jvm.cpp, line 1390]
Event: 3.050 Thread 0x00000000052a3800 Exception <a 'java/lang/NoSuchMethodError': java.lang.Object.lambda$notifyTimeListener$0(DLcom/firststory/firstoracle/window/notifying/TimeListener;)V> (0x00000000eb896208) thrown at [C:\re\workspace\8-2-build-windows-amd64-cygwin\jdk8u152\9742\hotspot\sr
Event: 3.052 Thread 0x00000000052a3800 Exception <a 'java/lang/NoSuchMethodError': java.lang.Object.lambda$notifyFpsListeners$0(ILcom/firststory/firstoracle/window/notifying/FpsListener;)V> (0x00000000eb8a8e78) thrown at [C:\re\workspace\8-2-build-windows-amd64-cygwin\jdk8u152\9742\hotspot\src
Event: 3.155 Thread 0x00000000052a3800 StackOverflowError at 0x00000000058934c0
Event: 3.155 Thread 0x00000000052a3800 Exception <a 'java/lang/StackOverflowError'> (0x00000000eb1a75b0) thrown at [C:\re\workspace\8-2-build-windows-amd64-cygwin\jdk8u152\9742\hotspot\src\share\vm\runtime\sharedRuntime.cpp, line 605]
Event: 6.193 Thread 0x00000000052a3800 Exception <a 'java/lang/reflect/InvocationTargetException'> (0x00000000eb1bbcf8) thrown at [C:\re\workspace\8-2-build-windows-amd64-cygwin\jdk8u152\9742\hotspot\src\share\vm\runtime\reflection.cpp, line 1092]

Events (10 events):
Event: 3.178 loading class cuchaz/jfxgl/JFXGL$CheckedRunnable
Event: 3.178 loading class cuchaz/jfxgl/JFXGL$CheckedRunnable done
Event: 4.253 Executing VM operation: EnableBiasedLocking
Event: 4.253 Executing VM operation: EnableBiasedLocking done
Event: 6.193 loading class java/lang/Throwable$WrappedPrintStream
Event: 6.194 loading class java/lang/Throwable$PrintStreamOrWriter
Event: 6.194 loading class java/lang/Throwable$PrintStreamOrWriter done
Event: 6.194 loading class java/lang/Throwable$WrappedPrintStream done
Event: 6.194 loading class java/util/IdentityHashMap$KeySet
Event: 6.194 loading class java/util/IdentityHashMap$KeySet done


Dynamic libraries:
0x00007ff745d50000 - 0x00007ff745d87000 	C:\Program Files\Java\jdk1.8.0_152\bin\java.exe
0x00007ffc5de10000 - 0x00007ffc5dff0000 	C:\WINDOWS\SYSTEM32\ntdll.dll
0x00007ffc5b490000 - 0x00007ffc5b53e000 	C:\WINDOWS\System32\KERNEL32.DLL
0x00007ffc5b040000 - 0x00007ffc5b2a6000 	C:\WINDOWS\System32\KERNELBASE.dll
0x00007ffc5b6a0000 - 0x00007ffc5b741000 	C:\WINDOWS\System32\ADVAPI32.dll
0x00007ffc5b940000 - 0x00007ffc5b9dd000 	C:\WINDOWS\System32\msvcrt.dll
0x00007ffc5b310000 - 0x00007ffc5b36b000 	C:\WINDOWS\System32\sechost.dll
0x00007ffc5b750000 - 0x00007ffc5b86f000 	C:\WINDOWS\System32\RPCRT4.dll
0x00007ffc5d7b0000 - 0x00007ffc5d93f000 	C:\WINDOWS\System32\USER32.dll
0x00007ffc5a7c0000 - 0x00007ffc5a7e0000 	C:\WINDOWS\System32\win32u.dll
0x00007ffc5c010000 - 0x00007ffc5c038000 	C:\WINDOWS\System32\GDI32.dll
0x00007ffc5a230000 - 0x00007ffc5a3c4000 	C:\WINDOWS\System32\gdi32full.dll
0x00007ffc5a5a0000 - 0x00007ffc5a63b000 	C:\WINDOWS\System32\msvcp_win.dll
0x00007ffc5a6c0000 - 0x00007ffc5a7b6000 	C:\WINDOWS\System32\ucrtbase.dll
0x00007ffc48d80000 - 0x00007ffc48fe9000 	C:\WINDOWS\WinSxS\amd64_microsoft.windows.common-controls_6595b64144ccf1df_6.0.16299.64_none_cc9304e22215ca8f\COMCTL32.dll
0x00007ffc5d940000 - 0x00007ffc5dc48000 	C:\WINDOWS\System32\combase.dll
0x00007ffc5a640000 - 0x00007ffc5a6b2000 	C:\WINDOWS\System32\bcryptPrimitives.dll
0x00007ffc5b540000 - 0x00007ffc5b56d000 	C:\WINDOWS\System32\IMM32.DLL
0x0000000056770000 - 0x0000000056842000 	C:\Program Files\Java\jdk1.8.0_152\jre\bin\msvcr100.dll
0x00000000550e0000 - 0x0000000055980000 	C:\Program Files\Java\jdk1.8.0_152\jre\bin\server\jvm.dll
0x00007ffc5c300000 - 0x00007ffc5c308000 	C:\WINDOWS\System32\PSAPI.DLL
0x00007ffc52050000 - 0x00007ffc52059000 	C:\WINDOWS\SYSTEM32\WSOCK32.dll
0x00007ffc48d70000 - 0x00007ffc48d7a000 	C:\WINDOWS\SYSTEM32\VERSION.dll
0x00007ffc571a0000 - 0x00007ffc571c3000 	C:\WINDOWS\SYSTEM32\WINMM.dll
0x00007ffc5b9e0000 - 0x00007ffc5ba4c000 	C:\WINDOWS\System32\WS2_32.dll
0x00007ffc57140000 - 0x00007ffc5716a000 	C:\WINDOWS\SYSTEM32\winmmbase.dll
0x00007ffc5a1e0000 - 0x00007ffc5a22a000 	C:\WINDOWS\System32\cfgmgr32.dll
0x0000000056760000 - 0x000000005676f000 	C:\Program Files\Java\jdk1.8.0_152\jre\bin\verify.dll
0x0000000056730000 - 0x0000000056759000 	C:\Program Files\Java\jdk1.8.0_152\jre\bin\java.dll
0x00000000566e0000 - 0x0000000056703000 	C:\Program Files\Java\jdk1.8.0_152\jre\bin\instrument.dll
0x0000000056710000 - 0x0000000056726000 	C:\Program Files\Java\jdk1.8.0_152\jre\bin\zip.dll
0x00007ffc5c370000 - 0x00007ffc5d7a7000 	C:\WINDOWS\System32\SHELL32.dll
0x00007ffc5b5f0000 - 0x00007ffc5b696000 	C:\WINDOWS\System32\shcore.dll
0x00007ffc5a890000 - 0x00007ffc5afd7000 	C:\WINDOWS\System32\windows.storage.dll
0x00007ffc5c040000 - 0x00007ffc5c091000 	C:\WINDOWS\System32\shlwapi.dll
0x00007ffc5a130000 - 0x00007ffc5a141000 	C:\WINDOWS\System32\kernel.appcore.dll
0x00007ffc5a150000 - 0x00007ffc5a19c000 	C:\WINDOWS\System32\powrprof.dll
0x00007ffc5a1c0000 - 0x00007ffc5a1db000 	C:\WINDOWS\System32\profapi.dll
0x00007ffc56d40000 - 0x00007ffc56d5a000 	C:\Program Files\JetBrains\IntelliJ IDEA Community Edition 2017.2.5\bin\breakgen64.dll
0x00000000566c0000 - 0x00000000566da000 	C:\Program Files\Java\jdk1.8.0_152\jre\bin\net.dll
0x00007ffc599c0000 - 0x00007ffc59a26000 	C:\WINDOWS\system32\mswsock.dll
0x00000000566a0000 - 0x00000000566b1000 	C:\Program Files\Java\jdk1.8.0_152\jre\bin\nio.dll
0x00007ffc511e0000 - 0x00007ffc51238000 	C:\Users\n1t4c\AppData\Local\Temp\lwjgln1t4c\3.1.3-SNAPSHOT\lwjgl.dll
0x00007ffc4a420000 - 0x00007ffc4a49d000 	C:\Users\n1t4c\AppData\Local\Temp\lwjgln1t4c\3.1.3-SNAPSHOT\lwjgl_stb.dll
0x0000000056500000 - 0x0000000056698000 	C:\Program Files\Java\jdk1.8.0_152\jre\bin\awt.dll
0x00007ffc5b870000 - 0x00007ffc5b935000 	C:\WINDOWS\System32\OLEAUT32.dll
0x00007ffc585b0000 - 0x00007ffc58637000 	C:\WINDOWS\SYSTEM32\apphelp.dll
0x00007ffc589f0000 - 0x00007ffc58a1a000 	C:\WINDOWS\system32\DWMAPI.DLL
0x00007ffc58730000 - 0x00007ffc587c5000 	C:\WINDOWS\system32\uxtheme.dll
0x00007ffc59b80000 - 0x00007ffc59b97000 	C:\WINDOWS\SYSTEM32\CRYPTSP.dll
0x00007ffc595d0000 - 0x00007ffc59603000 	C:\WINDOWS\system32\rsaenh.dll
0x00007ffc59c90000 - 0x00007ffc59cb5000 	C:\WINDOWS\SYSTEM32\bcrypt.dll
0x00007ffc5a030000 - 0x00007ffc5a059000 	C:\WINDOWS\SYSTEM32\USERENV.dll
0x00007ffc59ba0000 - 0x00007ffc59bab000 	C:\WINDOWS\SYSTEM32\CRYPTBASE.dll
0x00007ffc59750000 - 0x00007ffc59789000 	C:\WINDOWS\SYSTEM32\IPHLPAPI.DLL
0x00007ffc5b370000 - 0x00007ffc5b378000 	C:\WINDOWS\System32\NSI.dll
0x00007ffc4e250000 - 0x00007ffc4e266000 	C:\WINDOWS\SYSTEM32\dhcpcsvc6.DLL
0x00007ffc4fd80000 - 0x00007ffc4fd9a000 	C:\WINDOWS\SYSTEM32\dhcpcsvc.DLL
0x00007ffc4f010000 - 0x00007ffc4f05d000 	C:\Users\n1t4c\AppData\Local\Temp\lwjgln1t4c\3.1.3-SNAPSHOT\glfw.dll
0x00007ffc5bea0000 - 0x00007ffc5c007000 	C:\WINDOWS\System32\MSCTF.dll
0x00007ffc34430000 - 0x00007ffc344d9000 	C:\Program Files\Common Files\microsoft shared\ink\tiptsf.dll
0x00007ffc55cc0000 - 0x00007ffc55cee000 	C:\WINDOWS\SYSTEM32\inputhost.dll
0x00007ffc572c0000 - 0x00007ffc5739d000 	C:\WINDOWS\SYSTEM32\CoreMessaging.dll
0x00007ffc56260000 - 0x00007ffc5654e000 	C:\WINDOWS\SYSTEM32\CoreUIComponents.dll
0x00007ffc59270000 - 0x00007ffc592a1000 	C:\WINDOWS\SYSTEM32\ntmarta.dll
0x00007ffc56110000 - 0x00007ffc56246000 	C:\WINDOWS\SYSTEM32\wintypes.dll
0x00007ffc387d0000 - 0x00007ffc388ee000 	C:\WINDOWS\SYSTEM32\opengl32.dll
0x00007ffc42f90000 - 0x00007ffc42fbc000 	C:\WINDOWS\SYSTEM32\GLU32.dll
0x00007ffc27960000 - 0x00007ffc286bf000 	C:\WINDOWS\System32\DriverStore\FileRepository\atgh4627.inf_amd64_1a9e52b1bbedf409\ig9icd64.dll
0x00007ffc56f00000 - 0x00007ffc56f13000 	C:\WINDOWS\SYSTEM32\WTSAPI32.dll
0x00007ffc540e0000 - 0x00007ffc5523e000 	C:\WINDOWS\System32\DriverStore\FileRepository\atgh4627.inf_amd64_1a9e52b1bbedf409\igc64.dll
0x00007ffc58fa0000 - 0x00007ffc5904f000 	C:\WINDOWS\SYSTEM32\dxgi.dll
0x00007ffc57d90000 - 0x00007ffc58072000 	C:\WINDOWS\SYSTEM32\d3d11.dll
0x00007ffc3e230000 - 0x00007ffc3e28f000 	C:\Users\n1t4c\AppData\Local\Temp\lwjgln1t4c\3.1.3-SNAPSHOT\lwjgl_opengl.dll
0x00007ffc43370000 - 0x00007ffc43408000 	C:\WINDOWS\System32\TextInputFramework.dll
0x00007ffc33cb0000 - 0x00007ffc33d9f000 	C:\Windows\System32\msvcr120.dll
0x00007ffc36050000 - 0x00007ffc360f6000 	C:\Windows\System32\msvcp120.dll
0x00000000564e0000 - 0x00000000564f4000 	C:\Program Files\Java\jdk1.8.0_152\jre\bin\javafx_font.dll
0x00007ffc5dc50000 - 0x00007ffc5dd99000 	C:\WINDOWS\System32\ole32.dll
0x00007ffc337b0000 - 0x00007ffc3384c000 	C:\WINDOWS\SYSTEM32\MSVCP140.dll
0x00007ffc51f00000 - 0x00007ffc51f16000 	C:\WINDOWS\SYSTEM32\VCRUNTIME140.dll
0x00007ffc40e30000 - 0x00007ffc4113f000 	C:\WINDOWS\SYSTEM32\dwrite.dll
0x00007ffc4fea0000 - 0x00007ffc50068000 	C:\WINDOWS\SYSTEM32\dbghelp.dll

VM Arguments:
jvm_args: -javaagent:C:\Program Files\JetBrains\IntelliJ IDEA Community Edition 2017.2.5\lib\idea_rt.jar=54412:C:\Program Files\JetBrains\IntelliJ IDEA Community Edition 2017.2.5\bin -Dfile.encoding=UTF-8 
java_command: com.firststory.firstoracle.templates.MainTemplate2D
java_class_path (initial): C:\Program Files\Java\jdk1.8.0_152\jre\lib\charsets.jar;C:\Program Files\Java\jdk1.8.0_152\jre\lib\deploy.jar;C:\Program Files\Java\jdk1.8.0_152\jre\lib\ext\access-bridge-64.jar;C:\Program Files\Java\jdk1.8.0_152\jre\lib\ext\cldrdata.jar;C:\Program Files\Java\jdk1.8.0_152\jre\lib\ext\dnsns.jar;C:\Program Files\Java\jdk1.8.0_152\jre\lib\ext\jaccess.jar;C:\Program Files\Java\jdk1.8.0_152\jre\lib\ext\jfxrt.jar;C:\Program Files\Java\jdk1.8.0_152\jre\lib\ext\localedata.jar;C:\Program Files\Java\jdk1.8.0_152\jre\lib\ext\nashorn.jar;C:\Program Files\Java\jdk1.8.0_152\jre\lib\ext\sunec.jar;C:\Program Files\Java\jdk1.8.0_152\jre\lib\ext\sunjce_provider.jar;C:\Program Files\Java\jdk1.8.0_152\jre\lib\ext\sunmscapi.jar;C:\Program Files\Java\jdk1.8.0_152\jre\lib\ext\sunpkcs11.jar;C:\Program Files\Java\jdk1.8.0_152\jre\lib\ext\zipfs.jar;C:\Program Files\Java\jdk1.8.0_152\jre\lib\javaws.jar;C:\Program Files\Java\jdk1.8.0_152\jre\lib\jce.jar;C:\Program Files\Java\jdk1.8.0_152\jre\lib\jfr.jar;C:\Program Files\Java\jdk1.8.0_152\jre\lib\jfxswt.jar;C:\Program Files\Java\jdk1.8.0_152\jre\lib\jsse.jar;C:\Program Files\Java\jdk1.8.0_152\jre\lib\management-agent.jar;C:\Program Files\Java\jdk1.8.0_152\jre\lib\plugin.jar;C:\Program Files\Java\jdk1.8.0_152\jre\lib\resources.jar;C:\Program Files\Java\jdk1.8.0_152\jre\lib\rt.jar;S:\OneDrive\First Story\FirstStory\FirstOracle\FirstOracle-Engine\target\classes;S:\OneDrive\First Story\FirstStory\FirstOracle\FirstOracle-Interfaces\target\classes;S:\OneDrive\First Story\FirstStory\FirstOracle\FirstOracle-Impl\target\classes;C:\Users\n1t4c\.m2\repository\jfxgl\jfxgl\0.5-SNAPSHOT\jfxgl-0.5-SNAPSHOT.jar;C:\Users\n1t4c\.m2\repository\jfxgl\jfxgl-jfxrt\0.5-SNAPSHOT\jfxgl-jfxrt-0.5-SNAPSHOT.jar;C:\Users\n1t4c\.m2\repository\org\lwjgl\lwjgl\3.1.3\lwjgl-3.1.3.jar;C:\Users\n1t4c\.m2\repository\org\lwjgl\lwjgl-glfw\3.1.3\lwjgl-glfw-3.1.3.jar;C:\Users\n1t4c\.m2\repository\org\lwjgl\lwjgl-nuklear\3.1.3\lwjgl-nuklear-3.1.3.jar;C:\Use
Launcher Type: SUN_STANDARD

Environment Variables:
JAVA_HOME=C:\Program Files\Java\jdk1.8.0_152
PATH=C:\ProgramData\Oracle\Java\javapath;C:\WINDOWS\system32;C:\WINDOWS;C:\WINDOWS\System32\Wbem;C:\WINDOWS\System32\WindowsPowerShell\v1.0\;C:\Program Files\TortoiseGit\bin;C:\Program Files\Git\cmd;C:\Program Files\TortoiseSVN\bin;C:\Users\n1t4c\AppData\Local\Julia-0.6.0\bin;S:\maven\bin;C:\OpenSSL-Win32\bin;S:\flex\bin;S:\mingw\bin;S:\bizon\bin;S:\mingw\msys\1.0\bin;C:\Users\n1t4c\AppData\Local\Microsoft\WindowsApps;C:\Users\n1t4c\AppData\Local\GitHubDesktop\bin;%USERPROFILE%\AppData\Local\Microsoft\WindowsApps;
USERNAME=n1t4c
OS=Windows_NT
PROCESSOR_IDENTIFIER=Intel64 Family 6 Model 78 Stepping 3, GenuineIntel



---------------  S Y S T E M  ---------------

OS: Windows 10.0 , 64 bit Build 16299 (10.0.16299.15)

CPU:total 4 (initial active 4) (2 cores per cpu, 2 threads per core) family 6 model 78 stepping 3, cmov, cx8, fxsr, mmx, sse, sse2, sse3, ssse3, sse4.1, sse4.2, popcnt, avx, avx2, aes, clmul, erms, rtm, 3dnowpref, lzcnt, ht, tsc, tscinvbit, bmi1, bmi2, adx

Memory: 4k page, physical 4117612k(689280k free), swap 7787628k(2163436k free)

vm_info: Java HotSpot(TM) 64-Bit Server VM (25.152-b16) for windows-amd64 JRE (1.8.0_152-b16), built on Sep 14 2017 02:29:36 by "java_re" with MS VC++ 10.0 (VS2010)

time: Mon Dec 04 13:15:43 2017
elapsed time: 6 seconds (0d 0h 0m 6s)

