#
# A fatal error has been detected by the Java Runtime Environment:
#
#  EXCEPTION_ACCESS_VIOLATION (0xc0000005) at pc=0x0000000000000000, pid=8580, tid=0x0000000000000db4
#
# JRE version: Java(TM) SE Runtime Environment (8.0_152-b16) (build 1.8.0_152-b16)
# Java VM: Java HotSpot(TM) 64-Bit Server VM (25.152-b16 mixed mode windows-amd64 compressed oops)
# Problematic frame:
# C  0x0000000000000000
#
# Failed to write core dump. Minidumps are not enabled by default on client versions of Windows
#
# If you would like to submit a bug report, please visit:
#   http://bugreport.java.com/bugreport/crash.jsp
# The crash happened outside the Java Virtual Machine in native code.
# See problematic frame for where to report the bug.
#

---------------  T H R E A D  ---------------

Current thread (0x000000001998a000):  JavaThread "Thread-0" [_thread_in_native, id=3508, stack(0x000000001a0f0000,0x000000001a1f0000)]

siginfo: ExceptionCode=0xc0000005, ExceptionInformation=0x0000000000000008 0x0000000000000000

Registers:
RAX=0x0000000000000001, RBX=0x000000001b994668, RCX=0x0000000000000027, RDX=0x00007ff85e9e5cc0
RSP=0x000000001a1eeee8, RBP=0x000000001a1eefc8, RSI=0x0000000017000480, RDI=0x00000000053880e0
R8 =0x0000000000000001, R9 =0x0000000000000028, R10=0x000000000000003f, R11=0x0000000000000001
R12=0x0000000000000000, R13=0x000000001b994668, R14=0x000000001a1eeff0, R15=0x000000001998a000
RIP=0x0000000000000000, EFLAGS=0x0000000000010246

Top of Stack: (sp=0x000000001a1eeee8)
0x000000001a1eeee8:   00007ff85e9a9318 00007ff85e9e4c44
0x000000001a1eeef8:   000000001a1eefc8 0000000017000480
0x000000001a1eef08:   00000000053880e0 00000000053880e0
0x000000001a1eef18:   00007ff85e9a1fe6 000000001b994668
0x000000001a1eef28:   0000000017000480 00000000053880e0
0x000000001a1eef38:   000000001a1eef38 000000001b960bd1
0x000000001a1eef48:   0000000005397f74 000000001b964b80
0x000000001a1eef58:   0000000000000000 000000001b960c10
0x000000001a1eef68:   0000000000000000 000000001a1eef90
0x000000001a1eef78:   000000001a1eefe0 00000000053880e0
0x000000001a1eef88:   000000001a1eef88 0000000000000000
0x000000001a1eef98:   000000001a1eeff0 000000001b9b8588
0x000000001a1eefa8:   0000000000000000 000000001b994668
0x000000001a1eefb8:   0000000000000000 000000001a1eefe8
0x000000001a1eefc8:   000000001a1ef038 0000000005387da0
0x000000001a1eefd8:   00000000eb944018 00000000053919d6 

Instructions: (pc=0x0000000000000000)
0xffffffffffffffe0:   


Register to memory mapping:

RAX=0x0000000000000001 is an unknown value
RBX={method} {0x000000001b994670} 'invokeI' '(J)I' in 'org/lwjgl/system/JNI'
RCX=0x0000000000000027 is an unknown value
RDX=0x00007ff85e9e5cc0 is an unknown value
RSP=0x000000001a1eeee8 is pointing into the stack for thread: 0x000000001998a000
RBP=0x000000001a1eefc8 is pointing into the stack for thread: 0x000000001998a000
RSI={method} {0x0000000017000488} '<init>' '()V' in 'java/lang/Object'
RDI=0x00000000053880e0 is at code_begin+1664 in an Interpreter codelet
invoke return entry points  [0x0000000005387a60, 0x0000000005388440]  2528 bytes
R8 =0x0000000000000001 is an unknown value
R9 =0x0000000000000028 is an unknown value
R10=0x000000000000003f is an unknown value
R11=0x0000000000000001 is an unknown value
R12=0x0000000000000000 is an unknown value
R13={method} {0x000000001b994670} 'invokeI' '(J)I' in 'org/lwjgl/system/JNI'
R14=0x000000001a1eeff0 is pointing into the stack for thread: 0x000000001998a000
R15=0x000000001998a000 is a thread


Stack: [0x000000001a0f0000,0x000000001a1f0000],  sp=0x000000001a1eeee8,  free space=1019k
Native frames: (J=compiled Java code, j=interpreted, Vv=VM code, C=native code)

Java frames: (J=compiled Java code, j=interpreted, Vv=VM code)
j  org.lwjgl.system.JNI.invokeI(J)I+0
j  org.lwjgl.glfw.GLFW.glfwInit()Z+5
j  com.firststory.firstoracle.window.Window.initOpenGL()V+0
j  com.firststory.firstoracle.window.Window.init()V+5
j  com.firststory.firstoracle.templates.MainTemplate3D.jfxglmain([Ljava/lang/String;)V+453
j  com.firststory.firstoracle.templates.MainTemplate2D.lambda$jfxglmain$0()V+1
j  com.firststory.firstoracle.templates.MainTemplate2D$$Lambda$3.run()V+0
j  java.lang.Thread.run()V+11
v  ~StubRoutines::call_stub

---------------  P R O C E S S  ---------------

Java Threads: ( => current thread )
  0x0000000019a41000 JavaThread "Java2D Disposer" daemon [_thread_blocked, id=11740, stack(0x000000001a670000,0x000000001a770000)]
=>0x000000001998a000 JavaThread "Thread-0" [_thread_in_native, id=3508, stack(0x000000001a0f0000,0x000000001a1f0000)]
  0x0000000019091000 JavaThread "Service Thread" daemon [_thread_blocked, id=6776, stack(0x00000000196f0000,0x00000000197f0000)]
  0x0000000019045000 JavaThread "C1 CompilerThread2" daemon [_thread_blocked, id=2648, stack(0x00000000195f0000,0x00000000196f0000)]
  0x0000000018f9f000 JavaThread "C2 CompilerThread1" daemon [_thread_blocked, id=12292, stack(0x00000000194f0000,0x00000000195f0000)]
  0x0000000018f9e000 JavaThread "C2 CompilerThread0" daemon [_thread_blocked, id=12940, stack(0x00000000193f0000,0x00000000194f0000)]
  0x0000000018f93000 JavaThread "Monitor Ctrl-Break" daemon [_thread_in_native, id=11412, stack(0x00000000192f0000,0x00000000193f0000)]
  0x000000001799f000 JavaThread "Attach Listener" daemon [_thread_blocked, id=14268, stack(0x0000000018df0000,0x0000000018ef0000)]
  0x000000001799c000 JavaThread "Signal Dispatcher" daemon [_thread_blocked, id=4796, stack(0x0000000018cf0000,0x0000000018df0000)]
  0x0000000005379000 JavaThread "Finalizer" daemon [_thread_blocked, id=4700, stack(0x0000000018bf0000,0x0000000018cf0000)]
  0x0000000005373000 JavaThread "Reference Handler" daemon [_thread_blocked, id=8912, stack(0x0000000018af0000,0x0000000018bf0000)]
  0x0000000005283800 JavaThread "main" [_thread_in_vm, id=10216, stack(0x0000000004e90000,0x0000000004f90000)]

Other Threads:
  0x0000000017967000 VMThread [stack: 0x00000000189f0000,0x0000000018af0000] [id=3620]
  0x000000001912a000 WatcherThread [stack: 0x00000000197f0000,0x00000000198f0000] [id=10756]

VM state:not at safepoint (normal execution)

VM Mutex/Monitor currently owned by a thread: None

Heap:
 PSYoungGen      total 18944K, used 13121K [0x00000000eb100000, 0x00000000ed600000, 0x0000000100000000)
  eden space 16384K, 68% used [0x00000000eb100000,0x00000000ebbe4848,0x00000000ec100000)
  from space 2560K, 76% used [0x00000000ec100000,0x00000000ec2ebcf8,0x00000000ec380000)
  to   space 2560K, 0% used [0x00000000ed380000,0x00000000ed380000,0x00000000ed600000)
 ParOldGen       total 44032K, used 2033K [0x00000000c1200000, 0x00000000c3d00000, 0x00000000eb100000)
  object space 44032K, 4% used [0x00000000c1200000,0x00000000c13fc420,0x00000000c3d00000)
 Metaspace       used 11175K, capacity 11470K, committed 11648K, reserved 1058816K
  class space    used 1226K, capacity 1361K, committed 1408K, reserved 1048576K

Card table byte_map: [0x0000000014740000,0x0000000014940000] byte_map_base: 0x0000000014137000

Marking Bits: (ParMarkBitMap*) 0x000000006ff20860
 Begin Bits: [0x0000000014e90000, 0x0000000015e48000)
 End Bits:   [0x0000000015e48000, 0x0000000016e00000)

Polling page: 0x0000000000df0000

CodeCache: size=245760Kb used=3709Kb max_used=3709Kb free=242050Kb
 bounds [0x0000000005380000, 0x0000000005730000, 0x0000000014380000]
 total_blobs=1716 nmethods=868 adapters=761
 compilation: enabled

Compilation events (10 events):
Event: 2.531 Thread 0x0000000019045000  840       3       jdk.internal.org.objectweb.asm.Type::getArgumentTypes (131 bytes)
Event: 2.532 Thread 0x0000000019045000 nmethod 840 0x000000000570bc10 code [0x000000000570bde0, 0x000000000570c6b8]
Event: 2.532 Thread 0x0000000019045000  841       3       jdk.internal.org.objectweb.asm.Type::getDescriptor (87 bytes)
Event: 2.534 Thread 0x0000000019045000 nmethod 841 0x000000000570ca50 code [0x000000000570cd20, 0x000000000570e918]
Event: 2.534 Thread 0x0000000019045000  843       3       java.util.jar.JarFile::maybeInstantiateVerifier (96 bytes)
Event: 2.535 Thread 0x0000000019045000 nmethod 843 0x000000000570f9d0 code [0x000000000570fc00, 0x00000000057108a8]
Event: 2.535 Thread 0x0000000019045000  842   !   3       java.util.zip.ZipFile$ZipFileInputStream::read (131 bytes)
Event: 2.536 Thread 0x0000000019045000 nmethod 842 0x0000000005710e90 code [0x0000000005711060, 0x00000000057118e8]
Event: 2.536 Thread 0x0000000019045000  844       3       java.util.zip.ZipFile::access$1300 (5 bytes)
Event: 2.536 Thread 0x0000000019045000 nmethod 844 0x0000000005711e50 code [0x0000000005711fc0, 0x0000000005712228]

GC Heap History (2 events):
Event: 1.310 GC heap before
{Heap before GC invocations=1 (full 0):
 PSYoungGen      total 18944K, used 16384K [0x00000000eb100000, 0x00000000ec600000, 0x0000000100000000)
  eden space 16384K, 100% used [0x00000000eb100000,0x00000000ec100000,0x00000000ec100000)
  from space 2560K, 0% used [0x00000000ec380000,0x00000000ec380000,0x00000000ec600000)
  to   space 2560K, 0% used [0x00000000ec100000,0x00000000ec100000,0x00000000ec380000)
 ParOldGen       total 44032K, used 0K [0x00000000c1200000, 0x00000000c3d00000, 0x00000000eb100000)
  object space 44032K, 0% used [0x00000000c1200000,0x00000000c1200000,0x00000000c3d00000)
 Metaspace       used 8349K, capacity 8548K, committed 8832K, reserved 1056768K
  class space    used 941K, capacity 1046K, committed 1152K, reserved 1048576K
Event: 1.330 GC heap after
Heap after GC invocations=1 (full 0):
 PSYoungGen      total 18944K, used 1967K [0x00000000eb100000, 0x00000000ed600000, 0x0000000100000000)
  eden space 16384K, 0% used [0x00000000eb100000,0x00000000eb100000,0x00000000ec100000)
  from space 2560K, 76% used [0x00000000ec100000,0x00000000ec2ebcf8,0x00000000ec380000)
  to   space 2560K, 0% used [0x00000000ed380000,0x00000000ed380000,0x00000000ed600000)
 ParOldGen       total 44032K, used 2033K [0x00000000c1200000, 0x00000000c3d00000, 0x00000000eb100000)
  object space 44032K, 4% used [0x00000000c1200000,0x00000000c13fc420,0x00000000c3d00000)
 Metaspace       used 8349K, capacity 8548K, committed 8832K, reserved 1056768K
  class space    used 941K, capacity 1046K, committed 1152K, reserved 1048576K
}

Deoptimization events (3 events):
Event: 0.796 Thread 0x000000001998a000 Uncommon trap: reason=unstable_if action=reinterpret pc=0x0000000005533b7c method=java.lang.String.indexOf([CII[CIII)I @ 3
Event: 1.042 Thread 0x000000001998a000 Uncommon trap: reason=null_check action=make_not_entrant pc=0x00000000054903e8 method=java.lang.String.equals(Ljava/lang/Object;)Z @ 8
Event: 1.392 Thread 0x0000000005283800 Uncommon trap: reason=range_check action=make_not_entrant pc=0x00000000055d16e8 method=sun.awt.image.ByteInterleavedRaster.getPixels(IIII[I)[I @ 219

Classes redefined (0 events):
No events

Internal exceptions (10 events):
Event: 0.420 Thread 0x0000000005283800 Exception <a 'java/lang/NoSuchFieldError': method resolution failed> (0x00000000eb550a78) thrown at [C:\re\workspace\8-2-build-windows-amd64-cygwin\jdk8u152\9742\hotspot\src\share\vm\prims\methodHandles.cpp, line 1167]
Event: 0.426 Thread 0x0000000005283800 Exception <a 'java/lang/NoSuchFieldError': method resolution failed> (0x00000000eb55e920) thrown at [C:\re\workspace\8-2-build-windows-amd64-cygwin\jdk8u152\9742\hotspot\src\share\vm\prims\methodHandles.cpp, line 1167]
Event: 0.751 Thread 0x000000001998a000 Exception <a 'java/security/PrivilegedActionException'> (0x00000000ebb9cd18) thrown at [C:\re\workspace\8-2-build-windows-amd64-cygwin\jdk8u152\9742\hotspot\src\share\vm\prims\jvm.cpp, line 1390]
Event: 0.751 Thread 0x000000001998a000 Exception <a 'java/security/PrivilegedActionException'> (0x00000000ebb9d110) thrown at [C:\re\workspace\8-2-build-windows-amd64-cygwin\jdk8u152\9742\hotspot\src\share\vm\prims\jvm.cpp, line 1390]
Event: 0.752 Thread 0x000000001998a000 Exception <a 'java/security/PrivilegedActionException'> (0x00000000ebba13f0) thrown at [C:\re\workspace\8-2-build-windows-amd64-cygwin\jdk8u152\9742\hotspot\src\share\vm\prims\jvm.cpp, line 1390]
Event: 0.752 Thread 0x000000001998a000 Exception <a 'java/security/PrivilegedActionException'> (0x00000000ebba17e8) thrown at [C:\re\workspace\8-2-build-windows-amd64-cygwin\jdk8u152\9742\hotspot\src\share\vm\prims\jvm.cpp, line 1390]
Event: 0.763 Thread 0x000000001998a000 Exception <a 'java/io/FileNotFoundException'> (0x00000000ebbb5c80) thrown at [C:\re\workspace\8-2-build-windows-amd64-cygwin\jdk8u152\9742\hotspot\src\share\vm\prims\jni.cpp, line 709]
Event: 1.042 Thread 0x000000001998a000 Implicit null exception at 0x0000000005490215 to 0x00000000054903d9
Event: 1.160 Thread 0x000000001998a000 Exception <a 'java/lang/NoSuchMethodError': java.lang.Object.lambda$static$0(Ljava/lang/String;)Ljava/lang/Boolean;> (0x00000000ebec1b30) thrown at [C:\re\workspace\8-2-build-windows-amd64-cygwin\jdk8u152\9742\hotspot\src\share\vm\interpreter\linkResolver
Event: 1.753 Thread 0x0000000005283800 Exception <a 'java/io/FileNotFoundException'> (0x00000000eb500360) thrown at [C:\re\workspace\8-2-build-windows-amd64-cygwin\jdk8u152\9742\hotspot\src\share\vm\prims\jni.cpp, line 709]

Events (10 events):
Event: 2.530 loading class java/util/concurrent/CountDownLatch
Event: 2.531 loading class java/util/concurrent/CountDownLatch done
Event: 2.531 loading class java/util/concurrent/CountDownLatch$Sync
Event: 2.531 loading class java/util/concurrent/CountDownLatch$Sync done
Event: 2.531 loading class cuchaz/jfxgl/JFXGL$CheckedRunnable
Event: 2.531 loading class cuchaz/jfxgl/JFXGL$CheckedRunnable done
Event: 2.532 loading class cuchaz/jfxgl/JFXGL$CheckedRunnable
Event: 2.532 loading class cuchaz/jfxgl/JFXGL$CheckedRunnable done
Event: 2.545 loading class java/lang/SecurityException
Event: 2.545 loading class java/lang/SecurityException done


Dynamic libraries:
0x00007ff65db90000 - 0x00007ff65dbc7000 	C:\Program Files\Java\jdk1.8.0_152\bin\java.exe
0x00007ff86e7e0000 - 0x00007ff86e9c0000 	C:\WINDOWS\SYSTEM32\ntdll.dll
0x00007ff86e660000 - 0x00007ff86e70e000 	C:\WINDOWS\System32\KERNEL32.DLL
0x00007ff86ae20000 - 0x00007ff86b086000 	C:\WINDOWS\System32\KERNELBASE.dll
0x00007ff86bd60000 - 0x00007ff86be01000 	C:\WINDOWS\System32\ADVAPI32.dll
0x00007ff86c380000 - 0x00007ff86c41d000 	C:\WINDOWS\System32\msvcrt.dll
0x00007ff86e2b0000 - 0x00007ff86e30b000 	C:\WINDOWS\System32\sechost.dll
0x00007ff86e330000 - 0x00007ff86e44f000 	C:\WINDOWS\System32\RPCRT4.dll
0x00007ff86da80000 - 0x00007ff86dc0f000 	C:\WINDOWS\System32\USER32.dll
0x00007ff86ada0000 - 0x00007ff86adc0000 	C:\WINDOWS\System32\win32u.dll
0x00007ff86da50000 - 0x00007ff86da78000 	C:\WINDOWS\System32\GDI32.dll
0x00007ff86b860000 - 0x00007ff86b9f3000 	C:\WINDOWS\System32\gdi32full.dll
0x00007ff86abb0000 - 0x00007ff86ac4b000 	C:\WINDOWS\System32\msvcp_win.dll
0x00007ff86aca0000 - 0x00007ff86ad96000 	C:\WINDOWS\System32\ucrtbase.dll
0x00007ff851740000 - 0x00007ff8519a9000 	C:\WINDOWS\WinSxS\amd64_microsoft.windows.common-controls_6595b64144ccf1df_6.0.16299.309_none_15cfd4c4935e6b11\COMCTL32.dll
0x00007ff86bf60000 - 0x00007ff86c268000 	C:\WINDOWS\System32\combase.dll
0x00007ff86b090000 - 0x00007ff86b102000 	C:\WINDOWS\System32\bcryptPrimitives.dll
0x00007ff86bd30000 - 0x00007ff86bd5d000 	C:\WINDOWS\System32\IMM32.DLL
0x0000000070bb0000 - 0x0000000070c82000 	C:\Program Files\Java\jdk1.8.0_152\jre\bin\msvcr100.dll
0x000000006f700000 - 0x000000006ffa0000 	C:\Program Files\Java\jdk1.8.0_152\jre\bin\server\jvm.dll
0x00007ff86bc80000 - 0x00007ff86bc88000 	C:\WINDOWS\System32\PSAPI.DLL
0x00007ff867720000 - 0x00007ff867729000 	C:\WINDOWS\SYSTEM32\WSOCK32.dll
0x00007ff8598e0000 - 0x00007ff8598ea000 	C:\WINDOWS\SYSTEM32\VERSION.dll
0x00007ff86e710000 - 0x00007ff86e77c000 	C:\WINDOWS\System32\WS2_32.dll
0x00007ff863070000 - 0x00007ff863093000 	C:\WINDOWS\SYSTEM32\WINMM.dll
0x00007ff863010000 - 0x00007ff86303a000 	C:\WINDOWS\SYSTEM32\winmmbase.dll
0x00007ff86ac50000 - 0x00007ff86ac9a000 	C:\WINDOWS\System32\cfgmgr32.dll
0x0000000070ba0000 - 0x0000000070baf000 	C:\Program Files\Java\jdk1.8.0_152\jre\bin\verify.dll
0x0000000070b70000 - 0x0000000070b99000 	C:\Program Files\Java\jdk1.8.0_152\jre\bin\java.dll
0x0000000070b20000 - 0x0000000070b43000 	C:\Program Files\Java\jdk1.8.0_152\jre\bin\instrument.dll
0x0000000070b50000 - 0x0000000070b66000 	C:\Program Files\Java\jdk1.8.0_152\jre\bin\zip.dll
0x00007ff86c420000 - 0x00007ff86d856000 	C:\WINDOWS\System32\SHELL32.dll
0x00007ff86d8d0000 - 0x00007ff86d976000 	C:\WINDOWS\System32\shcore.dll
0x00007ff86b110000 - 0x00007ff86b857000 	C:\WINDOWS\System32\windows.storage.dll
0x00007ff86e060000 - 0x00007ff86e0b1000 	C:\WINDOWS\System32\shlwapi.dll
0x00007ff86ab90000 - 0x00007ff86aba1000 	C:\WINDOWS\System32\kernel.appcore.dll
0x00007ff86ab20000 - 0x00007ff86ab6c000 	C:\WINDOWS\System32\powrprof.dll
0x00007ff86ab00000 - 0x00007ff86ab1b000 	C:\WINDOWS\System32\profapi.dll
0x00007ff861e30000 - 0x00007ff861e4a000 	C:\Program Files\JetBrains\IntelliJ IDEA 2017.3.4\bin\breakgen64.dll
0x0000000070b00000 - 0x0000000070b1a000 	C:\Program Files\Java\jdk1.8.0_152\jre\bin\net.dll
0x00007ff86a390000 - 0x00007ff86a3f6000 	C:\WINDOWS\system32\mswsock.dll
0x000000006f560000 - 0x000000006f6f8000 	C:\Program Files\Java\jdk1.8.0_152\jre\bin\awt.dll
0x00007ff86d980000 - 0x00007ff86da45000 	C:\WINDOWS\System32\OLEAUT32.dll
0x00007ff868ab0000 - 0x00007ff868b38000 	C:\WINDOWS\SYSTEM32\apphelp.dll
0x00007ff86a550000 - 0x00007ff86a567000 	C:\WINDOWS\SYSTEM32\CRYPTSP.dll
0x00007ff869f90000 - 0x00007ff869fc3000 	C:\WINDOWS\system32\rsaenh.dll
0x00007ff86a660000 - 0x00007ff86a685000 	C:\WINDOWS\SYSTEM32\bcrypt.dll
0x00007ff86aa30000 - 0x00007ff86aa59000 	C:\WINDOWS\SYSTEM32\USERENV.dll
0x00007ff86a570000 - 0x00007ff86a57b000 	C:\WINDOWS\SYSTEM32\CRYPTBASE.dll
0x00007ff86a120000 - 0x00007ff86a159000 	C:\WINDOWS\SYSTEM32\IPHLPAPI.DLL
0x00007ff86d860000 - 0x00007ff86d868000 	C:\WINDOWS\System32\NSI.dll
0x00007ff864590000 - 0x00007ff8645a6000 	C:\WINDOWS\SYSTEM32\dhcpcsvc6.DLL
0x00007ff864570000 - 0x00007ff86458a000 	C:\WINDOWS\SYSTEM32\dhcpcsvc.DLL
0x0000000070ae0000 - 0x0000000070af1000 	C:\Program Files\Java\jdk1.8.0_152\jre\bin\nio.dll
0x00007ff85efb0000 - 0x00007ff85f008000 	C:\Users\n1t4chi\AppData\Local\Temp\lwjgln1t4chi\3.1.3-SNAPSHOT\lwjgl.dll
0x00007ff85b350000 - 0x00007ff85b3cd000 	C:\Users\n1t4chi\AppData\Local\Temp\lwjgln1t4chi\3.1.3-SNAPSHOT\lwjgl_stb.dll
0x00007ff869360000 - 0x00007ff86938a000 	C:\WINDOWS\system32\DWMAPI.DLL
0x00007ff868c80000 - 0x00007ff868d15000 	C:\WINDOWS\system32\uxtheme.dll
0x00007ff85e9a0000 - 0x00007ff85e9ed000 	C:\Users\n1t4chi\AppData\Local\Temp\lwjgln1t4chi\3.1.3-SNAPSHOT\glfw.dll
0x00007ff85b300000 - 0x00007ff85b343000 	C:\WINDOWS\SYSTEM32\dinput8.dll
0x00007ff8676e0000 - 0x00007ff8676f0000 	C:\WINDOWS\SYSTEM32\xinput1_4.dll
0x00007ff86a910000 - 0x00007ff86a937000 	C:\WINDOWS\SYSTEM32\DEVOBJ.dll
0x00007ff86e0c0000 - 0x00007ff86e227000 	C:\WINDOWS\System32\MSCTF.dll
0x00007ff850590000 - 0x00007ff850639000 	C:\Program Files\Common Files\microsoft shared\ink\tiptsf.dll
0x00007ff869e50000 - 0x00007ff869e5c000 	C:\WINDOWS\SYSTEM32\HID.DLL
0x00007ff86dc10000 - 0x00007ff86e05e000 	C:\WINDOWS\System32\SETUPAPI.DLL
0x00007ff86adc0000 - 0x00007ff86ae18000 	C:\WINDOWS\System32\WINTRUST.dll
0x00007ff86ab70000 - 0x00007ff86ab82000 	C:\WINDOWS\System32\MSASN1.dll
0x00007ff86bab0000 - 0x00007ff86bc7e000 	C:\WINDOWS\System32\CRYPT32.dll
0x00007ff85c830000 - 0x00007ff85c85e000 	C:\WINDOWS\SYSTEM32\inputhost.dll
0x00007ff862020000 - 0x00007ff86230e000 	C:\WINDOWS\SYSTEM32\CoreUIComponents.dll
0x00007ff869c20000 - 0x00007ff869c51000 	C:\WINDOWS\SYSTEM32\ntmarta.dll
0x00007ff867ee0000 - 0x00007ff867fbc000 	C:\WINDOWS\SYSTEM32\CoreMessaging.dll
0x00007ff866da0000 - 0x00007ff866ed6000 	C:\WINDOWS\SYSTEM32\wintypes.dll
0x00007ff868de0000 - 0x00007ff868fa8000 	C:\WINDOWS\SYSTEM32\dbghelp.dll

VM Arguments:
jvm_args: -javaagent:C:\Program Files\JetBrains\IntelliJ IDEA 2017.3.4\lib\idea_rt.jar=62904:C:\Program Files\JetBrains\IntelliJ IDEA 2017.3.4\bin -Dfile.encoding=UTF-8 
java_command: com.firststory.firstoracle.templates.MainTemplate2D
java_class_path (initial): C:\Program Files\Java\jdk1.8.0_152\jre\lib\charsets.jar;C:\Program Files\Java\jdk1.8.0_152\jre\lib\deploy.jar;C:\Program Files\Java\jdk1.8.0_152\jre\lib\ext\access-bridge-64.jar;C:\Program Files\Java\jdk1.8.0_152\jre\lib\ext\cldrdata.jar;C:\Program Files\Java\jdk1.8.0_152\jre\lib\ext\dnsns.jar;C:\Program Files\Java\jdk1.8.0_152\jre\lib\ext\jaccess.jar;C:\Program Files\Java\jdk1.8.0_152\jre\lib\ext\jfxrt.jar;C:\Program Files\Java\jdk1.8.0_152\jre\lib\ext\localedata.jar;C:\Program Files\Java\jdk1.8.0_152\jre\lib\ext\nashorn.jar;C:\Program Files\Java\jdk1.8.0_152\jre\lib\ext\sunec.jar;C:\Program Files\Java\jdk1.8.0_152\jre\lib\ext\sunjce_provider.jar;C:\Program Files\Java\jdk1.8.0_152\jre\lib\ext\sunmscapi.jar;C:\Program Files\Java\jdk1.8.0_152\jre\lib\ext\sunpkcs11.jar;C:\Program Files\Java\jdk1.8.0_152\jre\lib\ext\zipfs.jar;C:\Program Files\Java\jdk1.8.0_152\jre\lib\javaws.jar;C:\Program Files\Java\jdk1.8.0_152\jre\lib\jce.jar;C:\Program Files\Java\jdk1.8.0_152\jre\lib\jfr.jar;C:\Program Files\Java\jdk1.8.0_152\jre\lib\jfxswt.jar;C:\Program Files\Java\jdk1.8.0_152\jre\lib\jsse.jar;C:\Program Files\Java\jdk1.8.0_152\jre\lib\management-agent.jar;C:\Program Files\Java\jdk1.8.0_152\jre\lib\plugin.jar;C:\Program Files\Java\jdk1.8.0_152\jre\lib\resources.jar;C:\Program Files\Java\jdk1.8.0_152\jre\lib\rt.jar;S:\OneDrive\First Story\FirstStory\FirstOracle\FirstOracle-Engine\target\classes;S:\OneDrive\First Story\FirstStory\FirstOracle\FirstOracle-Interfaces\target\classes;S:\OneDrive\First Story\FirstStory\FirstOracle\FirstOracle-Impl\target\classes;C:\Users\n1t4chi\.m2\repository\jfxgl\jfxgl\0.5-SNAPSHOT\jfxgl-0.5-SNAPSHOT.jar;C:\Users\n1t4chi\.m2\repository\jfxgl\jfxgl-jfxrt\0.5-SNAPSHOT\jfxgl-jfxrt-0.5-SNAPSHOT.jar;C:\Users\n1t4chi\.m2\repository\org\lwjgl\lwjgl\3.1.3\lwjgl-3.1.3.jar;C:\Users\n1t4chi\.m2\repository\org\lwjgl\lwjgl-glfw\3.1.3\lwjgl-glfw-3.1.3.jar;C:\Users\n1t4chi\.m2\repository\org\lwjgl\lwjgl-nuklear\3.1.3\lwjgl-nuklear-3.1.3.
Launcher Type: SUN_STANDARD

Environment Variables:
JAVA_HOME=C:\Program Files\Java\jdk1.8.0_152
PATH=C:\WINDOWS\system32;C:\WINDOWS;C:\WINDOWS\System32\Wbem;C:\WINDOWS\System32\WindowsPowerShell\v1.0\;C:\Program Files\TortoiseGit\bin;C:\Program Files\TortoiseSVN\bin;C:\Program Files\Git\cmd;S:\ghdl\bin;S:\gtkwave\gtkwave\bin;S:\maven\bin;S:\mingw\bin;S:\mingw\msys\1.0\bin;C:\Program Files\nodejs\;C:\Users\n1t4chi\AppData\Local\Microsoft\WindowsApps;C:\Users\n1t4chi\AppData\Roaming\npm
USERNAME=n1t4chi
OS=Windows_NT
PROCESSOR_IDENTIFIER=Intel64 Family 6 Model 78 Stepping 3, GenuineIntel



---------------  S Y S T E M  ---------------

OS: Windows 10.0 , 64 bit Build 16299 (10.0.16299.15)

CPU:total 4 (initial active 4) (2 cores per cpu, 2 threads per core) family 6 model 78 stepping 3, cmov, cx8, fxsr, mmx, sse, sse2, sse3, ssse3, sse4.1, sse4.2, popcnt, avx, avx2, aes, clmul, erms, rtm, 3dnowpref, lzcnt, ht, tsc, tscinvbit, bmi1, bmi2, adx

Memory: 4k page, physical 4117596k(713052k free), swap 6136584k(988152k free)

vm_info: Java HotSpot(TM) 64-Bit Server VM (25.152-b16) for windows-amd64 JRE (1.8.0_152-b16), built on Sep 14 2017 02:29:36 by "java_re" with MS VC++ 10.0 (VS2010)

time: Wed Mar 28 18:25:41 2018
elapsed time: 2 seconds (0d 0h 0m 2s)

