#
# A fatal error has been detected by the Java Runtime Environment:
#
#  EXCEPTION_ACCESS_VIOLATION (0xc0000005) at pc=0x00000000618df767, pid=5820, tid=16252
#
# JRE version: Java(TM) SE Runtime Environment (8.0_91-b14) (build 1.8.0_91-b14)
# Java VM: Java HotSpot(TM) 64-Bit Server VM (25.91-b14 mixed mode windows-amd64 compressed oops)
# Problematic frame:
# C  [nvoglv64.DLL+0xf9f767]
#
# Failed to write core dump. Minidumps are not enabled by default on client versions of Windows
#
# If you would like to submit a bug report, please visit:
#   http://bugreport.java.com/bugreport/crash.jsp
# The crash happened outside the Java Virtual Machine in native code.
# See problematic frame for where to report the bug.
#

---------------  T H R E A D  ---------------

Current thread (0x0000000001dc2800):  JavaThread "main" [_thread_in_native, id=16252, stack(0x0000000001cc0000,0x0000000001dc0000)]

siginfo: ExceptionCode=0xc0000005, reading address 0x0000000000000000

Registers:
RAX=0x000000001cd03134, RBX=0x000000001bfddaa8, RCX=0x0000000000000090, RDX=0xffffffffe32fcecc
RSP=0x0000000001dbf198, RBP=0x0000000000000001, RSI=0x0000000000000000, RDI=0x000000001cd03134
R8 =0x0000000000000009, R9 =0x0000000000000009, R10=0x0000000000000000, R11=0x000000001cd03134
R12=0x0000000000000000, R13=0x0000000060940000, R14=0x0000000000000000, R15=0x000000001bfdd828
RIP=0x00000000618df767, EFLAGS=0x0000000000010203

Top of Stack: (sp=0x0000000001dbf198)
0x0000000001dbf198:   0000000061443b1a 0000000017dc3210
0x0000000001dbf1a8:   0000000001dbf2e8 0000000001cbaae0
0x0000000001dbf1b8:   00000000612e244b 0000000001dc2800
0x0000000001dbf1c8:   0000000000000009 0000000000000000
0x0000000001dbf1d8:   000000000005010b 000000001bfdd828
0x0000000001dbf1e8:   0000000061444902 000000001bfdd080
0x0000000001dbf1f8:   0000000000000001 0000000000000000
0x0000000001dbf208:   0000000003417de6 0000000001dc2800
0x0000000001dbf218:   0000000001dbf2e8 0000000017dc3210
0x0000000001dbf228:   0000000000000000 000000000340835d
0x0000000001dbf238:   0000000003417f54 0000000017dc3210
0x0000000001dbf248:   0000000001dbf2b8 0000000000000108
0x0000000001dbf258:   0000000017dc3210 0000000000000009
0x0000000001dbf268:   0000000001dc2800 0000000003417c82
0x0000000001dbf278:   0000000001dbf278 0000000017dc3210
0x0000000001dbf288:   0000000001dbf2e8 0000000017de4c28 

Instructions: (pc=0x00000000618df767)
0x00000000618df747:   0f ba 25 11 7e 0e 01 01 0f 83 ab 01 00 00 49 8b
0x00000000618df757:   c3 4c 8b df 48 8b f9 49 8b c8 4c 8b c6 49 8b f2
0x00000000618df767:   f3 a4 49 8b f0 49 8b fb c3 0f 10 02 41 0f 10 4c
0x00000000618df777:   10 f0 0f 11 01 41 0f 11 4c 08 f0 48 8b c1 c3 66 


Register to memory mapping:

RAX=0x000000001cd03134 is an unknown value
RBX=0x000000001bfddaa8 is an unknown value
RCX=0x0000000000000090 is an unknown value
RDX=0xffffffffe32fcecc is an unknown value
RSP=0x0000000001dbf198 is pointing into the stack for thread: 0x0000000001dc2800
RBP=0x0000000000000001 is an unknown value
RSI=0x0000000000000000 is an unknown value
RDI=0x000000001cd03134 is an unknown value
R8 =0x0000000000000009 is an unknown value
R9 =0x0000000000000009 is an unknown value
R10=0x0000000000000000 is an unknown value
R11=0x000000001cd03134 is an unknown value
R12=0x0000000000000000 is an unknown value
R13=0x0000000060940000 is an unknown value
R14=0x0000000000000000 is an unknown value
R15=0x000000001bfdd828 is an unknown value


Stack: [0x0000000001cc0000,0x0000000001dc0000],  sp=0x0000000001dbf198,  free space=1020k
Native frames: (J=compiled Java code, j=interpreted, Vv=VM code, C=native code)
C  [nvoglv64.DLL+0xf9f767]
C  [nvoglv64.DLL+0xb03b1a]
C  [nvoglv64.DLL+0xb04902]
C  0x0000000003417f54

Java frames: (J=compiled Java code, j=interpreted, Vv=VM code)
j  org.lwjgl.opengl.GL11.glDrawArrays(III)V+0
j  com.firststory.firstoracle.Window.renderGridArray(IIIFFFF)V+109
j  com.firststory.firstoracle.Window.loop(Lcom/firststory/firstoracle/Window$WindowTouple;)V+1053
j  com.firststory.firstoracle.Window.run()V+40
j  com.firststory.firstoracle.Main.main([Ljava/lang/String;)V+25
v  ~StubRoutines::call_stub

---------------  P R O C E S S  ---------------

Java Threads: ( => current thread )
  0x000000001b1bb000 JavaThread "AWT-Windows" daemon [_thread_in_native, id=9956, stack(0x0000000027280000,0x0000000027380000)]
  0x000000001b1ba800 JavaThread "AWT-Shutdown" [_thread_blocked, id=15800, stack(0x0000000027180000,0x0000000027280000)]
  0x000000001b1ac000 JavaThread "Java2D Disposer" daemon [_thread_blocked, id=2552, stack(0x0000000026e80000,0x0000000026f80000)]
  0x000000001b140000 JavaThread "Thread-0" [_thread_blocked, id=9616, stack(0x0000000026350000,0x0000000026450000)]
  0x000000001a16b000 JavaThread "Service Thread" daemon [_thread_blocked, id=3560, stack(0x000000001ac90000,0x000000001ad90000)]
  0x000000001a0d8000 JavaThread "C1 CompilerThread3" daemon [_thread_blocked, id=15728, stack(0x000000001ab90000,0x000000001ac90000)]
  0x000000001a0d4000 JavaThread "C2 CompilerThread2" daemon [_thread_blocked, id=10776, stack(0x000000001aa90000,0x000000001ab90000)]
  0x000000001a0d0000 JavaThread "C2 CompilerThread1" daemon [_thread_blocked, id=1528, stack(0x000000001a990000,0x000000001aa90000)]
  0x000000001a0cd000 JavaThread "C2 CompilerThread0" daemon [_thread_blocked, id=9924, stack(0x000000001a890000,0x000000001a990000)]
  0x000000001a0ca800 JavaThread "Attach Listener" daemon [_thread_blocked, id=2732, stack(0x000000001a790000,0x000000001a890000)]
  0x000000001a0ca000 JavaThread "Signal Dispatcher" daemon [_thread_blocked, id=9040, stack(0x000000001a690000,0x000000001a790000)]
  0x0000000001eb9000 JavaThread "Finalizer" daemon [_thread_blocked, id=8176, stack(0x000000001a4a0000,0x000000001a5a0000)]
  0x0000000001eb7800 JavaThread "Reference Handler" daemon [_thread_blocked, id=9796, stack(0x0000000019fa0000,0x000000001a0a0000)]
=>0x0000000001dc2800 JavaThread "main" [_thread_in_native, id=16252, stack(0x0000000001cc0000,0x0000000001dc0000)]

Other Threads:
  0x00000000181d9800 VMThread [stack: 0x0000000019ea0000,0x0000000019fa0000] [id=11220]
  0x000000001a19f800 WatcherThread [stack: 0x000000001ad90000,0x000000001ae90000] [id=14672]

VM state:not at safepoint (normal execution)

VM Mutex/Monitor currently owned by a thread: None

Heap:
 PSYoungGen      total 37888K, used 17606K [0x00000000d6380000, 0x00000000d8d80000, 0x0000000100000000)
  eden space 32768K, 38% used [0x00000000d6380000,0x00000000d6fb7f88,0x00000000d8380000)
  from space 5120K, 99% used [0x00000000d8380000,0x00000000d8879ad8,0x00000000d8880000)
  to   space 5120K, 0% used [0x00000000d8880000,0x00000000d8880000,0x00000000d8d80000)
 ParOldGen       total 86016K, used 807K [0x0000000082a00000, 0x0000000087e00000, 0x00000000d6380000)
  object space 86016K, 0% used [0x0000000082a00000,0x0000000082ac9e30,0x0000000087e00000)
 Metaspace       used 13457K, capacity 13723K, committed 13952K, reserved 1062912K
  class space    used 1208K, capacity 1304K, committed 1408K, reserved 1048576K

Card table byte_map: [0x00000000127c0000,0x0000000012bb0000] byte_map_base: 0x00000000123ab000

Marking Bits: (ParMarkBitMap*) 0x0000000064972f70
 Begin Bits: [0x0000000013550000, 0x00000000154a8000)
 End Bits:   [0x00000000154a8000, 0x0000000017400000)

Polling page: 0x0000000001210000

CodeCache: size=245760Kb used=3713Kb max_used=3730Kb free=242046Kb
 bounds [0x0000000003400000, 0x00000000037b0000, 0x0000000012400000]
 total_blobs=1939 nmethods=938 adapters=914
 compilation: enabled

Compilation events (10 events):
Event: 2.588 Thread 0x000000001a0d8000  933       3       java.lang.Integer::stringSize (21 bytes)
Event: 2.588 Thread 0x000000001a0d8000 nmethod 933 0x000000000379b4d0 code [0x000000000379b640, 0x000000000379b850]
Event: 2.588 Thread 0x000000001a0d8000  934       3       java.lang.Integer::getChars (131 bytes)
Event: 2.588 Thread 0x000000001a0d8000 nmethod 934 0x000000000379b950 code [0x000000000379bae0, 0x000000000379bf50]
Event: 2.597 Thread 0x000000001a0d0000  936  s    4       sun.misc.URLClassPath::getNextLoader (88 bytes)
Event: 2.598 Thread 0x000000001a0d8000  937       3       java.util.concurrent.ConcurrentHashMap::isEmpty (15 bytes)
Event: 2.599 Thread 0x000000001a0d8000 nmethod 937 0x000000000379cf50 code [0x000000000379d0c0, 0x000000000379d328]
Event: 2.599 Thread 0x000000001a0d8000  938       3       com.firststory.firstoracle.Window::access$202 (7 bytes)
Event: 2.599 Thread 0x000000001a0d8000 nmethod 938 0x00000000037a0310 code [0x00000000037a0460, 0x00000000037a0590]
Event: 2.599 Thread 0x000000001a0d0000 nmethod 936 0x00000000037a0650 code [0x00000000037a07a0, 0x00000000037a0ac8]

GC Heap History (2 events):
Event: 2.552 GC heap before
{Heap before GC invocations=1 (full 0):
 PSYoungGen      total 37888K, used 23247K [0x00000000d6380000, 0x00000000d8d80000, 0x0000000100000000)
  eden space 32768K, 70% used [0x00000000d6380000,0x00000000d7a33d50,0x00000000d8380000)
  from space 5120K, 0% used [0x00000000d8880000,0x00000000d8880000,0x00000000d8d80000)
  to   space 5120K, 0% used [0x00000000d8380000,0x00000000d8380000,0x00000000d8880000)
 ParOldGen       total 86016K, used 0K [0x0000000082a00000, 0x0000000087e00000, 0x00000000d6380000)
  object space 86016K, 0% used [0x0000000082a00000,0x0000000082a00000,0x0000000087e00000)
 Metaspace       used 12690K, capacity 12987K, committed 13312K, reserved 1060864K
  class space    used 1174K, capacity 1272K, committed 1280K, reserved 1048576K
Event: 2.556 GC heap after
Heap after GC invocations=1 (full 0):
 PSYoungGen      total 37888K, used 5094K [0x00000000d6380000, 0x00000000d8d80000, 0x0000000100000000)
  eden space 32768K, 0% used [0x00000000d6380000,0x00000000d6380000,0x00000000d8380000)
  from space 5120K, 99% used [0x00000000d8380000,0x00000000d8879ad8,0x00000000d8880000)
  to   space 5120K, 0% used [0x00000000d8880000,0x00000000d8880000,0x00000000d8d80000)
 ParOldGen       total 86016K, used 807K [0x0000000082a00000, 0x0000000087e00000, 0x00000000d6380000)
  object space 86016K, 0% used [0x0000000082a00000,0x0000000082ac9e30,0x0000000087e00000)
 Metaspace       used 12690K, capacity 12987K, committed 13312K, reserved 1060864K
  class space    used 1174K, capacity 1272K, committed 1280K, reserved 1048576K
}

Deoptimization events (2 events):
Event: 0.194 Thread 0x0000000001dc2800 Uncommon trap: reason=unstable_if action=reinterpret pc=0x0000000003583668 method=java.lang.String.indexOf([CII[CIII)I @ 3
Event: 2.481 Thread 0x0000000001dc2800 Uncommon trap: reason=unstable_if action=reinterpret pc=0x0000000003713fdc method=java.io.WinNTFileSystem.normalize(Ljava/lang/String;)Ljava/lang/String; @ 128

Internal exceptions (10 events):
Event: 0.120 Thread 0x0000000001dc2800 Exception <a 'java/lang/NoSuchFieldError': method resolution failed> (0x00000000d665ed18) thrown at [C:\re\workspace\8-2-build-windows-amd64-cygwin\jdk8u91\6644\hotspot\src\share\vm\prims\methodHandles.cpp, line 1146]
Event: 0.122 Thread 0x0000000001dc2800 Exception <a 'java/lang/NoSuchFieldError': method resolution failed> (0x00000000d666c118) thrown at [C:\re\workspace\8-2-build-windows-amd64-cygwin\jdk8u91\6644\hotspot\src\share\vm\prims\methodHandles.cpp, line 1146]
Event: 0.162 Thread 0x0000000001dc2800 Exception <a 'java/security/PrivilegedActionException'> (0x00000000d67dff20) thrown at [C:\re\workspace\8-2-build-windows-amd64-cygwin\jdk8u91\6644\hotspot\src\share\vm\prims\jvm.cpp, line 1386]
Event: 0.162 Thread 0x0000000001dc2800 Exception <a 'java/security/PrivilegedActionException'> (0x00000000d67e0130) thrown at [C:\re\workspace\8-2-build-windows-amd64-cygwin\jdk8u91\6644\hotspot\src\share\vm\prims\jvm.cpp, line 1386]
Event: 0.163 Thread 0x0000000001dc2800 Exception <a 'java/security/PrivilegedActionException'> (0x00000000d67e4160) thrown at [C:\re\workspace\8-2-build-windows-amd64-cygwin\jdk8u91\6644\hotspot\src\share\vm\prims\jvm.cpp, line 1386]
Event: 0.163 Thread 0x0000000001dc2800 Exception <a 'java/security/PrivilegedActionException'> (0x00000000d67e4370) thrown at [C:\re\workspace\8-2-build-windows-amd64-cygwin\jdk8u91\6644\hotspot\src\share\vm\prims\jvm.cpp, line 1386]
Event: 2.004 Thread 0x0000000001dc2800 Exception <a 'sun/nio/fs/WindowsException'> (0x00000000d69ce1b8) thrown at [C:\re\workspace\8-2-build-windows-amd64-cygwin\jdk8u91\6644\hotspot\src\share\vm\prims\jni.cpp, line 709]
Event: 2.005 Thread 0x0000000001dc2800 Exception <a 'sun/nio/fs/WindowsException'> (0x00000000d69ce9c8) thrown at [C:\re\workspace\8-2-build-windows-amd64-cygwin\jdk8u91\6644\hotspot\src\share\vm\prims\jni.cpp, line 709]
Event: 2.219 Thread 0x0000000001dc2800 Exception <a 'java/io/FileNotFoundException'> (0x00000000d709c0c8) thrown at [C:\re\workspace\8-2-build-windows-amd64-cygwin\jdk8u91\6644\hotspot\src\share\vm\prims\jni.cpp, line 709]
Event: 2.238 Thread 0x0000000001dc2800 Exception <a 'java/io/FileNotFoundException'> (0x00000000d70b86f8) thrown at [C:\re\workspace\8-2-build-windows-amd64-cygwin\jdk8u91\6644\hotspot\src\share\vm\prims\jni.cpp, line 709]

Events (10 events):
Event: 2.595 loading class org/joml/Vector2dc
Event: 2.595 loading class org/joml/Vector2dc done
Event: 2.597 loading class org/joml/Vector2i
Event: 2.597 loading class org/joml/Vector2i done
Event: 2.598 loading class org/joml/Vector2ic
Event: 2.598 loading class org/joml/Vector2ic done
Event: 2.598 loading class org/joml/Quaternionf
Event: 2.598 loading class org/joml/Quaternionf done
Event: 2.599 loading class org/joml/Quaternionfc
Event: 2.599 loading class org/joml/Quaternionfc done


Dynamic libraries:
0x00007ff645800000 - 0x00007ff645837000 	C:\Program Files\Java\jdk1.8.0_91\bin\java.exe
0x00007fff7e3a0000 - 0x00007fff7e57b000 	C:\WINDOWS\SYSTEM32\ntdll.dll
0x00007fff7c240000 - 0x00007fff7c2ee000 	C:\WINDOWS\System32\KERNEL32.DLL
0x00007fff7aa90000 - 0x00007fff7acd9000 	C:\WINDOWS\System32\KERNELBASE.dll
0x00007fff7c4a0000 - 0x00007fff7c541000 	C:\WINDOWS\System32\ADVAPI32.dll
0x00007fff7de90000 - 0x00007fff7df2d000 	C:\WINDOWS\System32\msvcrt.dll
0x00007fff7e0d0000 - 0x00007fff7e129000 	C:\WINDOWS\System32\sechost.dll
0x00007fff7dce0000 - 0x00007fff7de05000 	C:\WINDOWS\System32\RPCRT4.dll
0x00007fff7e1b0000 - 0x00007fff7e2fa000 	C:\WINDOWS\System32\USER32.dll
0x00007fff7ad30000 - 0x00007fff7ad4e000 	C:\WINDOWS\System32\win32u.dll
0x00007fff7c620000 - 0x00007fff7c647000 	C:\WINDOWS\System32\GDI32.dll
0x00007fff7ad50000 - 0x00007fff7aed8000 	C:\WINDOWS\System32\gdi32full.dll
0x00007fff7b760000 - 0x00007fff7b7fa000 	C:\WINDOWS\System32\msvcp_win.dll
0x00007fff7b800000 - 0x00007fff7b8f6000 	C:\WINDOWS\System32\ucrtbase.dll
0x00007fff6f7f0000 - 0x00007fff6fa57000 	C:\WINDOWS\WinSxS\amd64_microsoft.windows.common-controls_6595b64144ccf1df_6.0.15063.483_none_26002d27e7c744a2\COMCTL32.dll
0x00007fff7baf0000 - 0x00007fff7bde9000 	C:\WINDOWS\System32\combase.dll
0x00007fff7af40000 - 0x00007fff7afaa000 	C:\WINDOWS\System32\bcryptPrimitives.dll
0x00007fff7ba10000 - 0x00007fff7ba3d000 	C:\WINDOWS\System32\IMM32.DLL
0x0000000064fb0000 - 0x0000000065082000 	C:\Program Files\Java\jdk1.8.0_91\jre\bin\msvcr100.dll
0x0000000064160000 - 0x00000000649f3000 	C:\Program Files\Java\jdk1.8.0_91\jre\bin\server\jvm.dll
0x00007fff7bdf0000 - 0x00007fff7bdf8000 	C:\WINDOWS\System32\PSAPI.DLL
0x00007fff70a10000 - 0x00007fff70a19000 	C:\WINDOWS\SYSTEM32\WSOCK32.dll
0x00007fff70a40000 - 0x00007fff70a63000 	C:\WINDOWS\SYSTEM32\WINMM.dll
0x00007fff71a20000 - 0x00007fff71a2a000 	C:\WINDOWS\SYSTEM32\VERSION.dll
0x00007fff7c7d0000 - 0x00007fff7c83c000 	C:\WINDOWS\System32\WS2_32.dll
0x00007fff71420000 - 0x00007fff7144b000 	C:\WINDOWS\SYSTEM32\winmmbase.dll
0x00007fff7ace0000 - 0x00007fff7ad29000 	C:\WINDOWS\System32\cfgmgr32.dll
0x0000000065f60000 - 0x0000000065f6f000 	C:\Program Files\Java\jdk1.8.0_91\jre\bin\verify.dll
0x0000000064ab0000 - 0x0000000064ad9000 	C:\Program Files\Java\jdk1.8.0_91\jre\bin\java.dll
0x0000000064f90000 - 0x0000000064fa6000 	C:\Program Files\Java\jdk1.8.0_91\jre\bin\zip.dll
0x00007fff7c8a0000 - 0x00007fff7dcd7000 	C:\WINDOWS\System32\SHELL32.dll
0x00007fff7ba40000 - 0x00007fff7baea000 	C:\WINDOWS\System32\shcore.dll
0x00007fff7b060000 - 0x00007fff7b752000 	C:\WINDOWS\System32\windows.storage.dll
0x00007fff7e150000 - 0x00007fff7e1a1000 	C:\WINDOWS\System32\shlwapi.dll
0x00007fff7a830000 - 0x00007fff7a841000 	C:\WINDOWS\System32\kernel.appcore.dll
0x00007fff7a870000 - 0x00007fff7a8bc000 	C:\WINDOWS\System32\powrprof.dll
0x00007fff7a850000 - 0x00007fff7a865000 	C:\WINDOWS\System32\profapi.dll
0x0000000064a90000 - 0x0000000064aaa000 	C:\Program Files\Java\jdk1.8.0_91\jre\bin\net.dll
0x00007fff7a120000 - 0x00007fff7a17c000 	C:\WINDOWS\system32\mswsock.dll
0x0000000064a70000 - 0x0000000064a81000 	C:\Program Files\Java\jdk1.8.0_91\jre\bin\nio.dll
0x00007fff58ac0000 - 0x00007fff58b17000 	C:\Users\n1t4chi\AppData\Local\Temp\lwjgln1t4chi\3.1.2-build-29\lwjgl.dll
0x00007fff61390000 - 0x00007fff613cc000 	C:\Users\n1t4chi\AppData\Local\Temp\lwjgln1t4chi\3.1.2-build-29\jemalloc.dll
0x00007fff61220000 - 0x00007fff6125d000 	C:\Users\n1t4chi\AppData\Local\Temp\lwjgln1t4chi\3.1.2-build-29\glfw.dll
0x00007fff78f20000 - 0x00007fff78fb5000 	C:\WINDOWS\system32\uxtheme.dll
0x00007fff57ce0000 - 0x00007fff57d22000 	C:\WINDOWS\SYSTEM32\dinput8.dll
0x00007fff78ba0000 - 0x00007fff78bae000 	C:\WINDOWS\SYSTEM32\xinput1_4.dll
0x00007fff79290000 - 0x00007fff792b8000 	C:\WINDOWS\SYSTEM32\DEVOBJ.dll
0x00007fff71a60000 - 0x00007fff71a8a000 	C:\WINDOWS\SYSTEM32\dwmapi.dll
0x00007fff7c650000 - 0x00007fff7c7b6000 	C:\WINDOWS\System32\MSCTF.dll
0x00007fff7c560000 - 0x00007fff7c620000 	C:\WINDOWS\System32\OLEAUT32.dll
0x00007fff795f0000 - 0x00007fff795fd000 	C:\WINDOWS\SYSTEM32\HID.DLL
0x00007fff7be00000 - 0x00007fff7c23b000 	C:\WINDOWS\System32\SETUPAPI.DLL
0x00007fff7aee0000 - 0x00007fff7af36000 	C:\WINDOWS\System32\WINTRUST.dll
0x00007fff7a810000 - 0x00007fff7a821000 	C:\WINDOWS\System32\MSASN1.dll
0x00007fff7a8c0000 - 0x00007fff7aa89000 	C:\WINDOWS\System32\CRYPT32.dll
0x00007fff5aee0000 - 0x00007fff5b001000 	C:\WINDOWS\SYSTEM32\opengl32.dll
0x00007fff5cd30000 - 0x00007fff5cd5c000 	C:\WINDOWS\SYSTEM32\GLU32.dll
0x0000000060940000 - 0x0000000062b3a000 	C:\WINDOWS\SYSTEM32\nvoglv64.DLL
0x00007fff77010000 - 0x00007fff77023000 	C:\WINDOWS\SYSTEM32\WTSAPI32.dll
0x00007fff79b70000 - 0x00007fff79ba1000 	C:\WINDOWS\SYSTEM32\ntmarta.dll
0x00007fff66e20000 - 0x00007fff66ff1000 	C:\WINDOWS\system32\nvspcap64.dll
0x00007fff7c2f0000 - 0x00007fff7c435000 	C:\WINDOWS\System32\ole32.dll
0x00007fff74bd0000 - 0x00007fff74ca7000 	C:\WINDOWS\SYSTEM32\WINHTTP.dll
0x00007fff79970000 - 0x00007fff799c5000 	C:\WINDOWS\SYSTEM32\WINSTA.dll
0x00007fff79680000 - 0x00007fff79724000 	C:\WINDOWS\system32\dxgi.dll
0x00007fff77cc0000 - 0x00007fff77f9f000 	C:\WINDOWS\system32\d3d11.dll
0x00007fff51450000 - 0x00007fff5152f000 	C:\WINDOWS\System32\DriverStore\FileRepository\nvlti.inf_amd64_020c5444f1367c00\nvldumdx.dll
0x00007fff7e130000 - 0x00007fff7e14d000 	C:\WINDOWS\System32\imagehlp.dll
0x00007fff7a2c0000 - 0x00007fff7a2d7000 	C:\WINDOWS\SYSTEM32\CRYPTSP.dll
0x00007fff79d40000 - 0x00007fff79d74000 	C:\WINDOWS\system32\rsaenh.dll
0x00007fff7a3d0000 - 0x00007fff7a3f5000 	C:\WINDOWS\SYSTEM32\bcrypt.dll
0x00007fff7a2e0000 - 0x00007fff7a2eb000 	C:\WINDOWS\SYSTEM32\CRYPTBASE.dll
0x00007fff31450000 - 0x00007fff32c33000 	C:\WINDOWS\System32\DriverStore\FileRepository\nvlti.inf_amd64_020c5444f1367c00\nvwgf2umx.dll
0x00007fff61970000 - 0x00007fff61d91000 	C:\WINDOWS\system32\nvapi64.dll
0x00007fff551c0000 - 0x00007fff5521c000 	C:\Users\n1t4chi\AppData\Local\Temp\lwjgln1t4chi\3.1.2-build-29\lwjgl_opengl.dll
0x00007fff61f00000 - 0x00007fff61f82000 	C:\WINDOWS\System32\TextInputFramework.dll
0x00007fff61f90000 - 0x00007fff62262000 	C:\WINDOWS\System32\CoreUIComponents.dll
0x00007fff78690000 - 0x00007fff78773000 	C:\WINDOWS\System32\CoreMessaging.dll
0x00007fff777c0000 - 0x00007fff777d5000 	C:\WINDOWS\SYSTEM32\usermgrcli.dll
0x00007fff77580000 - 0x00007fff776b9000 	C:\WINDOWS\SYSTEM32\wintypes.dll
0x0000000063fc0000 - 0x0000000064158000 	C:\Program Files\Java\jdk1.8.0_91\jre\bin\awt.dll
0x00007fff78dc0000 - 0x00007fff78e3e000 	C:\WINDOWS\SYSTEM32\apphelp.dll
0x0000000063f70000 - 0x0000000063fb7000 	C:\Program Files\Java\jdk1.8.0_91\jre\bin\fontmanager.dll
0x0000000063f20000 - 0x0000000063f62000 	C:\Program Files\Java\jdk1.8.0_91\jre\bin\t2k.dll
0x00007fff7a710000 - 0x00007fff7a739000 	C:\WINDOWS\SYSTEM32\USERENV.dll
0x00007fff79ec0000 - 0x00007fff79ef7000 	C:\WINDOWS\SYSTEM32\IPHLPAPI.DLL
0x00007fff7c7c0000 - 0x00007fff7c7c8000 	C:\WINDOWS\System32\NSI.dll
0x00007fff755d0000 - 0x00007fff755e6000 	C:\WINDOWS\SYSTEM32\dhcpcsvc6.DLL
0x00007fff75590000 - 0x00007fff755aa000 	C:\WINDOWS\SYSTEM32\dhcpcsvc.DLL
0x00007fff4d030000 - 0x00007fff4d0a7000 	C:\Users\n1t4chi\AppData\Local\Temp\lwjgln1t4chi\3.1.2-build-29\lwjgl_stb.dll
0x00007fff6bd30000 - 0x00007fff6bed9000 	C:\WINDOWS\SYSTEM32\dbghelp.dll

VM Arguments:
java_command: com.firststory.firstoracle.Main
java_class_path (initial): S:\OneDrive\First Story\FirstStory\FirstOracle\FirstOracle\target\classes;C:\Users\n1t4chi\.m2\repository\org\lwjgl\lwjgl\3.1.2\lwjgl-3.1.2.jar;C:\Users\n1t4chi\.m2\repository\org\lwjgl\lwjgl-glfw\3.1.2\lwjgl-glfw-3.1.2.jar;C:\Users\n1t4chi\.m2\repository\org\lwjgl\lwjgl-jemalloc\3.1.2\lwjgl-jemalloc-3.1.2.jar;C:\Users\n1t4chi\.m2\repository\org\lwjgl\lwjgl-openal\3.1.2\lwjgl-openal-3.1.2.jar;C:\Users\n1t4chi\.m2\repository\org\lwjgl\lwjgl-opengl\3.1.2\lwjgl-opengl-3.1.2.jar;C:\Users\n1t4chi\.m2\repository\org\lwjgl\lwjgl-opengles\3.1.2\lwjgl-opengles-3.1.2.jar;C:\Users\n1t4chi\.m2\repository\org\lwjgl\lwjgl-stb\3.1.2\lwjgl-stb-3.1.2.jar;C:\Users\n1t4chi\.m2\repository\org\lwjgl\lwjgl\3.1.2\lwjgl-3.1.2-natives-windows.jar;C:\Users\n1t4chi\.m2\repository\org\lwjgl\lwjgl-glfw\3.1.2\lwjgl-glfw-3.1.2-natives-windows.jar;C:\Users\n1t4chi\.m2\repository\org\lwjgl\lwjgl-jemalloc\3.1.2\lwjgl-jemalloc-3.1.2-natives-windows.jar;C:\Users\n1t4chi\.m2\repository\org\lwjgl\lwjgl-openal\3.1.2\lwjgl-openal-3.1.2-natives-windows.jar;C:\Users\n1t4chi\.m2\repository\org\lwjgl\lwjgl-opengl\3.1.2\lwjgl-opengl-3.1.2-natives-windows.jar;C:\Users\n1t4chi\.m2\repository\org\lwjgl\lwjgl-opengles\3.1.2\lwjgl-opengles-3.1.2-natives-windows.jar;C:\Users\n1t4chi\.m2\repository\org\lwjgl\lwjgl-stb\3.1.2\lwjgl-stb-3.1.2-natives-windows.jar;C:\Users\n1t4chi\.m2\repository\org\joml\joml\1.9.3\joml-1.9.3.jar
Launcher Type: SUN_STANDARD

Environment Variables:
JAVA_HOME=C:\Program Files\Java\jdk1.8.0_91
PATH=C:\Program Files\Haskell\bin;S:\haskell\8.0.2-a\lib\extralibs\bin;S:\haskell\8.0.2-a\bin;C:\ProgramData\Oracle\Java\javapath;C:\Program Files (x86)\Intel\iCLS Client\;C:\Program Files\Intel\iCLS Client\;C:\Windows\system32;C:\Windows;C:\Windows\System32\Wbem;C:\Windows\System32\WindowsPowerShell\v1.0\;C:\Program Files (x86)\Intel\Intel(R) Management Engine Components\DAL;C:\Program Files\Intel\Intel(R) Management Engine Components\DAL;C:\Program Files (x86)\Intel\Intel(R) Management Engine Components\IPT;C:\Program Files\Intel\Intel(R) Management Engine Components\IPT;C:\Program Files\Intel\WiFi\bin\;C:\Program Files\Common Files\Intel\WirelessCommon\;C:\Program Files (x86)\NVIDIA Corporation\PhysX\Common;C:\WINDOWS\system32;C:\WINDOWS;C:\WINDOWS\System32\Wbem;C:\WINDOWS\System32\WindowsPowerShell\v1.0\;S:\maven\bin;C:\Program Files\Java\jdk1.8.0_91\bin;S:\SVN\bin;C:\Program Files (x86)\PostgreSQL\9.5\bin;S:\go\bin;S:\Mozart\Mozart\bin;S:\dos2unix-7.3.4-win32;S:\haskell\8.0.2-a\mingw\bin;C:\Program Files\TortoiseGit\bin;C:\Program Files\Git\cmd;C:\Program Files\erl8.3\bin;C:\Program Files\swipl\bin;S:\MinGW\bin;S:\MinGW\msys\1.0\bin;C:\Program Files\Microsoft SQL Server\130\Tools\Binn\;C:\Users\n1t4chi\AppData\Roaming\cabal\bin;C:\Users\n1t4chi\AppData\Roaming\local\bin;S:\Ada\GtkAda\bin;S:\Ada\GNAT\bin;C:\Program Files\Intel\WiFi\bin\;C:\Program Files\Common Files\Intel\WirelessCommon\;C:\Users\n1t4chi\AppData\Local\Microsoft\WindowsApps;C:\Program Files (x86)\PostgreSQL\9.5\bin\;S:\MinGW\bin;S:\MinGW\msys\1.0\bin;
USERNAME=n1t4chi
OS=Windows_NT
PROCESSOR_IDENTIFIER=Intel64 Family 6 Model 94 Stepping 3, GenuineIntel



---------------  S Y S T E M  ---------------

OS: Windows 10.0 , 64 bit Build 15063 (10.0.15063.296)

CPU:total 8 (4 cores per cpu, 2 threads per core) family 6 model 94 stepping 3, cmov, cx8, fxsr, mmx, sse, sse2, sse3, ssse3, sse4.1, sse4.2, popcnt, avx, avx2, aes, clmul, erms, rtm, 3dnowpref, lzcnt, ht, tsc, tscinvbit, bmi1, bmi2, adx

Memory: 4k page, physical 8212352k(3423124k free), swap 9523072k(3222212k free)

vm_info: Java HotSpot(TM) 64-Bit Server VM (25.91-b14) for windows-amd64 JRE (1.8.0_91-b14), built on Apr  1 2016 00:58:32 by "java_re" with MS VC++ 10.0 (VS2010)

time: Mon Jul 31 14:30:33 2017
elapsed time: 2 seconds (0d 0h 0m 2s)

