#
# A fatal error has been detected by the Java Runtime Environment:
#
#  EXCEPTION_ACCESS_VIOLATION (0xc0000005) at pc=0x00007ff82db84920, pid=5016, tid=19388
#
# JRE version: Java(TM) SE Runtime Environment (8.0_91-b14) (build 1.8.0_91-b14)
# Java VM: Java HotSpot(TM) 64-Bit Server VM (25.91-b14 mixed mode windows-amd64 compressed oops)
# Problematic frame:
# C  [lwjgl.dll+0x14920]
#
# Failed to write core dump. Minidumps are not enabled by default on client versions of Windows
#
# If you would like to submit a bug report, please visit:
#   http://bugreport.java.com/bugreport/crash.jsp
# The crash happened outside the Java Virtual Machine in native code.
# See problematic frame for where to report the bug.
#

---------------  T H R E A D  ---------------

Current thread (0x0000000001002800):  JavaThread "main" [_thread_in_native, id=19388, stack(0x0000000000f00000,0x0000000001000000)]

siginfo: ExceptionCode=0xc0000005, reading address 0x0000000020280020

Registers:
RAX=0x00007ff82db827f0, RBX=0x0000000016fca118, RCX=0x0000000020280000, RDX=0x0000000000ffef58
RSP=0x0000000000ffeec8, RBP=0x0000000000ffef48, RSI=0x0000000000000108, RDI=0x00000000000028c8
R8 =0x0000000020280000, R9 =0x00000000d6752a08, R10=0x0000000003417f28, R11=0x000000006f259d90
R12=0x0000000000000000, R13=0x0000000016fca118, R14=0x0000000000ffef70, R15=0x0000000001002800
RIP=0x00007ff82db84920, EFLAGS=0x0000000000010206

Top of Stack: (sp=0x0000000000ffeec8)
0x0000000000ffeec8:   0000000003417f54 0000000016ea6b70
0x0000000000ffeed8:   0000000001002800 0000000016ea6b70
0x0000000000ffeee8:   0000000001002800 fffffffe00000000
0x0000000000ffeef8:   0000000000000000 0000000000000000
0x0000000000ffef08:   0000000000ffef08 0000000000000000
0x0000000000ffef18:   0000000000ffef70 0000000016fcb620
0x0000000000ffef28:   0000000000000000 0000000016fca118
0x0000000000ffef38:   0000000000000000 0000000000ffef68
0x0000000000ffef48:   0000000000ffefb8 0000000003407e70
0x0000000000ffef58:   00000000d68e6bf0 00000000034119d7
0x0000000000ffef68:   0000000020280000 0000000000000001
0x0000000000ffef78:   0000000000ffef78 0000000016fca1bc
0x0000000000ffef88:   0000000000ffefd0 0000000016fcb620
0x0000000000ffef98:   0000000000000000 0000000016fca1d8
0x0000000000ffefa8:   0000000000ffef68 0000000000ffefc8
0x0000000000ffefb8:   0000000000fff018 0000000003407e70 

Instructions: (pc=0x00007ff82db84920)
0x00007ff82db84900:   08 49 89 08 48 8b 00 c3 cc cc cc cc cc cc cc cc
0x00007ff82db84910:   ba 28 00 00 00 e9 e6 00 00 00 cc cc cc cc cc cc
0x00007ff82db84920:   48 8b 41 20 c3 cc cc cc cc cc cc cc cc cc cc cc
0x00007ff82db84930:   4c 89 41 18 4c 89 49 20 c3 cc cc cc cc cc cc cc 


Register to memory mapping:

RAX=0x00007ff82db827f0 is an unknown value
RBX={method} {0x0000000016fca120} 'ndcbGetUserData' '(J)J' in 'org/lwjgl/system/dyncall/DynCallback'
RCX=0x0000000020280000 is an unknown value
RDX=0x0000000000ffef58 is pointing into the stack for thread: 0x0000000001002800
RSP=0x0000000000ffeec8 is pointing into the stack for thread: 0x0000000001002800
RBP=0x0000000000ffef48 is pointing into the stack for thread: 0x0000000001002800
RSI=0x0000000000000108 is an unknown value
RDI=0x00000000000028c8 is an unknown value
R8 =0x0000000020280000 is an unknown value
R9 =0x00000000d6752a08 is an oop
java.lang.Class 
 - klass: 'java/lang/Class'
R10=0x0000000003417f28 is at code_begin+840 in an Interpreter codelet
method entry point (kind = native)  [0x0000000003417be0, 0x0000000003418540]  2400 bytes
R11=0x000000006f259d90 is an unknown value
R12=0x0000000000000000 is an unknown value
R13={method} {0x0000000016fca120} 'ndcbGetUserData' '(J)J' in 'org/lwjgl/system/dyncall/DynCallback'
R14=0x0000000000ffef70 is pointing into the stack for thread: 0x0000000001002800
R15=0x0000000001002800 is a thread


Stack: [0x0000000000f00000,0x0000000001000000],  sp=0x0000000000ffeec8,  free space=1019k
Native frames: (J=compiled Java code, j=interpreted, Vv=VM code, C=native code)
C  [lwjgl.dll+0x14920]

Java frames: (J=compiled Java code, j=interpreted, Vv=VM code)
j  org.lwjgl.system.dyncall.DynCallback.ndcbGetUserData(J)J+0
j  org.lwjgl.system.dyncall.DynCallback.dcbGetUserData(J)J+12
j  org.lwjgl.system.Callback.free(J)V+1
j  org.lwjgl.glfw.Callbacks.glfwFreeCallbacks(J)V+158
j  com.firststory.firstoracle.Window.run(Lcom/firststory/firstoracle/Window$WINDOW_MODE;Ljava/lang/String;IIIII)V+106
j  com.firststory.firstoracle.Main.main([Ljava/lang/String;)V+23
v  ~StubRoutines::call_stub

---------------  P R O C E S S  ---------------

Java Threads: ( => current thread )
  0x0000000019446800 JavaThread "Service Thread" daemon [_thread_blocked, id=9280, stack(0x0000000019f60000,0x000000001a060000)]
  0x00000000193a9000 JavaThread "C1 CompilerThread3" daemon [_thread_blocked, id=14548, stack(0x0000000019e60000,0x0000000019f60000)]
  0x00000000193a0000 JavaThread "C2 CompilerThread2" daemon [_thread_blocked, id=13788, stack(0x0000000019d60000,0x0000000019e60000)]
  0x000000001939f000 JavaThread "C2 CompilerThread1" daemon [_thread_blocked, id=2168, stack(0x0000000019c60000,0x0000000019d60000)]
  0x000000001939c800 JavaThread "C2 CompilerThread0" daemon [_thread_blocked, id=12380, stack(0x0000000019b60000,0x0000000019c60000)]
  0x000000001939a800 JavaThread "Attach Listener" daemon [_thread_blocked, id=4932, stack(0x0000000019a60000,0x0000000019b60000)]
  0x0000000019399000 JavaThread "Signal Dispatcher" daemon [_thread_blocked, id=1624, stack(0x0000000019960000,0x0000000019a60000)]
  0x0000000019390800 JavaThread "Finalizer" daemon [_thread_blocked, id=5388, stack(0x0000000019770000,0x0000000019870000)]
  0x00000000010f9000 JavaThread "Reference Handler" daemon [_thread_blocked, id=8956, stack(0x0000000019270000,0x0000000019370000)]
=>0x0000000001002800 JavaThread "main" [_thread_in_native, id=19388, stack(0x0000000000f00000,0x0000000001000000)]

Other Threads:
  0x0000000017489000 VMThread [stack: 0x0000000019170000,0x0000000019270000] [id=8300]
  0x000000001946b800 WatcherThread [stack: 0x000000001a060000,0x000000001a160000] [id=4500]

VM state:not at safepoint (normal execution)

VM Mutex/Monitor currently owned by a thread: None

Heap:
 PSYoungGen      total 37888K, used 15854K [0x00000000d6380000, 0x00000000d8d80000, 0x0000000100000000)
  eden space 32768K, 48% used [0x00000000d6380000,0x00000000d72fbb28,0x00000000d8380000)
  from space 5120K, 0% used [0x00000000d8880000,0x00000000d8880000,0x00000000d8d80000)
  to   space 5120K, 0% used [0x00000000d8380000,0x00000000d8380000,0x00000000d8880000)
 ParOldGen       total 86016K, used 0K [0x0000000082a00000, 0x0000000087e00000, 0x00000000d6380000)
  object space 86016K, 0% used [0x0000000082a00000,0x0000000082a00000,0x0000000087e00000)
 Metaspace       used 9709K, capacity 9929K, committed 10240K, reserved 1058816K
  class space    used 841K, capacity 916K, committed 1024K, reserved 1048576K

Card table byte_map: [0x00000000014c0000,0x00000000018b0000] byte_map_base: 0x00000000010ab000

Marking Bits: (ParMarkBitMap*) 0x000000006f842f70
 Begin Bits: [0x0000000012800000, 0x0000000014758000)
 End Bits:   [0x0000000014758000, 0x00000000166b0000)

Polling page: 0x0000000000a30000

CodeCache: size=245760Kb used=2991Kb max_used=2991Kb free=242769Kb
 bounds [0x0000000003400000, 0x00000000036f0000, 0x0000000012400000]
 total_blobs=1646 nmethods=803 adapters=756
 compilation: enabled

Compilation events (10 events):
Event: 11.261 Thread 0x00000000193a9000  795       3       org.lwjgl.opengl.GL20::glUniformMatrix4fv (16 bytes)
Event: 11.261 Thread 0x00000000193a9000 nmethod 795 0x00000000036e9c50 code [0x00000000036e9de0, 0x00000000036ea268]
Event: 11.261 Thread 0x00000000193a9000  796       3       org.lwjgl.system.MemoryUtil::memAddress (9 bytes)
Event: 11.261 Thread 0x00000000193a9000 nmethod 796 0x00000000036ea490 code [0x00000000036ea600, 0x00000000036ea910]
Event: 11.261 Thread 0x00000000193a9000  797       3       org.lwjgl.system.MemoryUtil::memAddress (10 bytes)
Event: 11.262 Thread 0x00000000193a9000 nmethod 797 0x00000000036eaa50 code [0x00000000036eabc0, 0x00000000036eadd0]
Event: 11.268 Thread 0x00000000193a9000  801       3       org.lwjgl.glfw.GLFW::glfwSwapBuffers (21 bytes)
Event: 11.268 Thread 0x00000000193a9000 nmethod 801 0x00000000036eb950 code [0x00000000036ebae0, 0x00000000036ebdb8]
Event: 18.710 Thread 0x00000000193a9000  802  s    3       java.lang.Throwable::fillInStackTrace (29 bytes)
Event: 18.711 Thread 0x00000000193a9000 nmethod 802 0x00000000036ec2d0 code [0x00000000036ec440, 0x00000000036ec7e8]

GC Heap History (0 events):
No events

Deoptimization events (1 events):
Event: 0.201 Thread 0x0000000001002800 Uncommon trap: reason=unstable_if action=reinterpret pc=0x0000000003595ae8 method=java.lang.String.indexOf([CII[CIII)I @ 3

Internal exceptions (10 events):
Event: 0.024 Thread 0x0000000001002800 Exception <a 'java/lang/NoSuchMethodError': Method sun.misc.Unsafe.prefetchRead(Ljava/lang/Object;J)V name or signature does not match> (0x00000000d6387fa8) thrown at [C:\re\workspace\8-2-build-windows-amd64-cygwin\jdk8u91\6644\hotspot\src\share\vm\prims\j˜Nï}¼?
Event: 0.111 Thread 0x0000000001002800 Exception <a 'java/lang/NoSuchMethodError': java.lang.Object.lambda$static$0(Ljava/lang/String;)Ljava/lang/Boolean;> (0x00000000d65c9778) thrown at [C:\re\workspace\8-2-build-windows-amd64-cygwin\jdk8u91\6644\hotspot\src\share\vm\interpreter\linkResolver.c„û6G=*¿?
Event: 0.122 Thread 0x0000000001002800 Exception <a 'java/lang/NoSuchFieldError': method resolution failed> (0x00000000d6641530) thrown at [C:\re\workspace\8-2-build-windows-amd64-cygwin\jdk8u91\6644\hotspot\src\share\vm\prims\methodHandles.cpp, line 1146]
Event: 0.123 Thread 0x0000000001002800 Exception <a 'java/lang/NoSuchFieldError': method resolution failed> (0x00000000d664e8b0) thrown at [C:\re\workspace\8-2-build-windows-amd64-cygwin\jdk8u91\6644\hotspot\src\share\vm\prims\methodHandles.cpp, line 1146]
Event: 0.140 Thread 0x0000000001002800 Exception <a 'java/security/PrivilegedActionException'> (0x00000000d66e0dc8) thrown at [C:\re\workspace\8-2-build-windows-amd64-cygwin\jdk8u91\6644\hotspot\src\share\vm\prims\jvm.cpp, line 1386]
Event: 0.140 Thread 0x0000000001002800 Exception <a 'java/security/PrivilegedActionException'> (0x00000000d66e0fd8) thrown at [C:\re\workspace\8-2-build-windows-amd64-cygwin\jdk8u91\6644\hotspot\src\share\vm\prims\jvm.cpp, line 1386]
Event: 0.141 Thread 0x0000000001002800 Exception <a 'java/security/PrivilegedActionException'> (0x00000000d66e4e20) thrown at [C:\re\workspace\8-2-build-windows-amd64-cygwin\jdk8u91\6644\hotspot\src\share\vm\prims\jvm.cpp, line 1386]
Event: 0.141 Thread 0x0000000001002800 Exception <a 'java/security/PrivilegedActionException'> (0x00000000d66e5030) thrown at [C:\re\workspace\8-2-build-windows-amd64-cygwin\jdk8u91\6644\hotspot\src\share\vm\prims\jvm.cpp, line 1386]
Event: 0.338 Thread 0x0000000001002800 Exception <a 'sun/nio/fs/WindowsException'> (0x00000000d69a6bb0) thrown at [C:\re\workspace\8-2-build-windows-amd64-cygwin\jdk8u91\6644\hotspot\src\share\vm\prims\jni.cpp, line 709]
Event: 0.338 Thread 0x0000000001002800 Exception <a 'sun/nio/fs/WindowsException'> (0x00000000d69a73c0) thrown at [C:\re\workspace\8-2-build-windows-amd64-cygwin\jdk8u91\6644\hotspot\src\share\vm\prims\jni.cpp, line 709]

Events (10 events):
Event: 0.610 loading class org/joml/Quaternionf
Event: 0.610 loading class org/joml/Quaternionf done
Event: 0.612 loading class org/joml/Quaternionfc
Event: 0.612 loading class org/joml/Quaternionfc done
Event: 0.615 loading class org/joml/Math
Event: 0.615 loading class org/joml/Math done
Event: 4.096 Executing VM operation: EnableBiasedLocking
Event: 4.096 Executing VM operation: EnableBiasedLocking done
Event: 18.710 loading class org/lwjgl/glfw/Callbacks
Event: 18.710 loading class org/lwjgl/glfw/Callbacks done


Dynamic libraries:
0x00007ff6fe960000 - 0x00007ff6fe997000 	C:\Program Files\Java\jdk1.8.0_91\bin\java.exe
0x00007ff83aeb0000 - 0x00007ff83b08b000 	C:\WINDOWS\SYSTEM32\ntdll.dll
0x00007ff83a580000 - 0x00007ff83a62e000 	C:\WINDOWS\System32\KERNEL32.DLL
0x00007ff837810000 - 0x00007ff837a59000 	C:\WINDOWS\System32\KERNELBASE.dll
0x00007ff83a420000 - 0x00007ff83a4c1000 	C:\WINDOWS\System32\ADVAPI32.dll
0x00007ff83a660000 - 0x00007ff83a6fd000 	C:\WINDOWS\System32\msvcrt.dll
0x00007ff83a3c0000 - 0x00007ff83a419000 	C:\WINDOWS\System32\sechost.dll
0x00007ff839d90000 - 0x00007ff839eb5000 	C:\WINDOWS\System32\RPCRT4.dll
0x00007ff838520000 - 0x00007ff83866a000 	C:\WINDOWS\System32\USER32.dll
0x00007ff838260000 - 0x00007ff83827e000 	C:\WINDOWS\System32\win32u.dll
0x00007ff838810000 - 0x00007ff838837000 	C:\WINDOWS\System32\GDI32.dll
0x00007ff838280000 - 0x00007ff838408000 	C:\WINDOWS\System32\gdi32full.dll
0x00007ff837720000 - 0x00007ff8377ba000 	C:\WINDOWS\System32\msvcp_win.dll
0x00007ff837a60000 - 0x00007ff837b56000 	C:\WINDOWS\System32\ucrtbase.dll
0x00007ff829a90000 - 0x00007ff829cf7000 	C:\WINDOWS\WinSxS\amd64_microsoft.windows.common-controls_6595b64144ccf1df_6.0.15063.0_none_108e4f62dfe5d999\COMCTL32.dll
0x00007ff83a770000 - 0x00007ff83aa69000 	C:\WINDOWS\System32\combase.dll
0x00007ff8373d0000 - 0x00007ff83743a000 	C:\WINDOWS\System32\bcryptPrimitives.dll
0x00007ff83a630000 - 0x00007ff83a65d000 	C:\WINDOWS\System32\IMM32.DLL
0x000000006ef50000 - 0x000000006f022000 	C:\Program Files\Java\jdk1.8.0_91\jre\bin\msvcr100.dll
0x000000006f030000 - 0x000000006f8c3000 	C:\Program Files\Java\jdk1.8.0_91\jre\bin\server\jvm.dll
0x00007ff83a560000 - 0x00007ff83a568000 	C:\WINDOWS\System32\PSAPI.DLL
0x00007ff826460000 - 0x00007ff826469000 	C:\WINDOWS\SYSTEM32\WSOCK32.dll
0x00007ff834e20000 - 0x00007ff834e43000 	C:\WINDOWS\SYSTEM32\WINMM.dll
0x00007ff835750000 - 0x00007ff83575a000 	C:\WINDOWS\SYSTEM32\VERSION.dll
0x00007ff83a700000 - 0x00007ff83a76c000 	C:\WINDOWS\System32\WS2_32.dll
0x00007ff834cb0000 - 0x00007ff834cdb000 	C:\WINDOWS\SYSTEM32\winmmbase.dll
0x00007ff8377c0000 - 0x00007ff837809000 	C:\WINDOWS\System32\cfgmgr32.dll
0x0000000070560000 - 0x000000007056f000 	C:\Program Files\Java\jdk1.8.0_91\jre\bin\verify.dll
0x000000006eee0000 - 0x000000006ef09000 	C:\Program Files\Java\jdk1.8.0_91\jre\bin\java.dll
0x000000006eec0000 - 0x000000006eed6000 	C:\Program Files\Java\jdk1.8.0_91\jre\bin\zip.dll
0x00007ff8388f0000 - 0x00007ff839d27000 	C:\WINDOWS\System32\SHELL32.dll
0x00007ff838840000 - 0x00007ff8388ea000 	C:\WINDOWS\System32\shcore.dll
0x00007ff837b60000 - 0x00007ff838252000 	C:\WINDOWS\System32\windows.storage.dll
0x00007ff839d30000 - 0x00007ff839d81000 	C:\WINDOWS\System32\shlwapi.dll
0x00007ff8373b0000 - 0x00007ff8373c1000 	C:\WINDOWS\System32\kernel.appcore.dll
0x00007ff837340000 - 0x00007ff83738c000 	C:\WINDOWS\System32\powrprof.dll
0x00007ff837390000 - 0x00007ff8373a5000 	C:\WINDOWS\System32\profapi.dll
0x000000006eea0000 - 0x000000006eeba000 	C:\Program Files\Java\jdk1.8.0_91\jre\bin\net.dll
0x00007ff836900000 - 0x00007ff83695c000 	C:\WINDOWS\system32\mswsock.dll
0x000000006ee80000 - 0x000000006ee91000 	C:\Program Files\Java\jdk1.8.0_91\jre\bin\nio.dll
0x00007ff82db70000 - 0x00007ff82dbc7000 	C:\Users\n1t4chi\AppData\Local\Temp\lwjgln1t4chi\3.1.2-build-29\lwjgl.dll
0x00007ff829880000 - 0x00007ff8298bc000 	C:\Users\n1t4chi\AppData\Local\Temp\lwjgln1t4chi\3.1.2-build-29\jemalloc.dll
0x00007ff829380000 - 0x00007ff8293bd000 	C:\Users\n1t4chi\AppData\Local\Temp\lwjgln1t4chi\3.1.2-build-29\glfw.dll
0x00007ff835150000 - 0x00007ff8351e5000 	C:\WINDOWS\system32\uxtheme.dll
0x00007ff829330000 - 0x00007ff829372000 	C:\WINDOWS\SYSTEM32\dinput8.dll
0x00007ff82feb0000 - 0x00007ff82febe000 	C:\WINDOWS\SYSTEM32\xinput1_4.dll
0x00007ff835470000 - 0x00007ff835498000 	C:\WINDOWS\SYSTEM32\DEVOBJ.dll
0x00007ff833a70000 - 0x00007ff833a9a000 	C:\WINDOWS\SYSTEM32\dwmapi.dll
0x00007ff839ec0000 - 0x00007ff83a026000 	C:\WINDOWS\System32\MSCTF.dll
0x00007ff83a130000 - 0x00007ff83a1f0000 	C:\WINDOWS\System32\OLEAUT32.dll
0x00007ff835710000 - 0x00007ff83571d000 	C:\WINDOWS\SYSTEM32\HID.DLL
0x00007ff83aa70000 - 0x00007ff83aeab000 	C:\WINDOWS\System32\SETUPAPI.DLL
0x00007ff8376c0000 - 0x00007ff837716000 	C:\WINDOWS\System32\WINTRUST.dll
0x00007ff837320000 - 0x00007ff837331000 	C:\WINDOWS\System32\MSASN1.dll
0x00007ff837440000 - 0x00007ff837609000 	C:\WINDOWS\System32\CRYPT32.dll
0x00007ff81bde0000 - 0x00007ff81bf01000 	C:\WINDOWS\SYSTEM32\opengl32.dll
0x00007ff82a270000 - 0x00007ff82a29c000 	C:\WINDOWS\SYSTEM32\GLU32.dll
0x00007ffff3640000 - 0x00007ffff438a000 	C:\WINDOWS\System32\DriverStore\FileRepository\igdlh64.inf_amd64_bde03d8af75e6be5\ig9icd64.dll
0x00007ff833680000 - 0x00007ff833693000 	C:\WINDOWS\SYSTEM32\WTSAPI32.dll
0x00007ff82bc70000 - 0x00007ff82cdcd000 	C:\WINDOWS\System32\DriverStore\FileRepository\igdlh64.inf_amd64_bde03d8af75e6be5\igc64.dll
0x00007ff823b10000 - 0x00007ff823b6c000 	C:\Users\n1t4chi\AppData\Local\Temp\lwjgln1t4chi\3.1.2-build-29\lwjgl_opengl.dll
0x00007ff830630000 - 0x00007ff8306b2000 	C:\WINDOWS\System32\TextInputFramework.dll
0x00007ff8319c0000 - 0x00007ff831c92000 	C:\WINDOWS\System32\CoreUIComponents.dll
0x00007ff8347d0000 - 0x00007ff8348b3000 	C:\WINDOWS\System32\CoreMessaging.dll
0x00007ff836350000 - 0x00007ff836381000 	C:\WINDOWS\SYSTEM32\ntmarta.dll
0x00007ff832f00000 - 0x00007ff833039000 	C:\WINDOWS\SYSTEM32\wintypes.dll
0x00007ff833650000 - 0x00007ff833665000 	C:\WINDOWS\SYSTEM32\usermgrcli.dll
0x00007ff823870000 - 0x00007ff8238e7000 	C:\Users\n1t4chi\AppData\Local\Temp\lwjgln1t4chi\3.1.2-build-29\lwjgl_stb.dll
0x00007ff836d80000 - 0x00007ff836f29000 	C:\WINDOWS\SYSTEM32\dbghelp.dll

VM Arguments:
java_command: com.firststory.firstoracle.Main
java_class_path (initial): S:\OneDrive\First Story\FirstStory\FirstOracle\FirstOracle\target\classes;C:\Users\n1t4chi\.m2\repository\org\lwjgl\lwjgl\3.1.2\lwjgl-3.1.2.jar;C:\Users\n1t4chi\.m2\repository\org\lwjgl\lwjgl-glfw\3.1.2\lwjgl-glfw-3.1.2.jar;C:\Users\n1t4chi\.m2\repository\org\lwjgl\lwjgl-jemalloc\3.1.2\lwjgl-jemalloc-3.1.2.jar;C:\Users\n1t4chi\.m2\repository\org\lwjgl\lwjgl-openal\3.1.2\lwjgl-openal-3.1.2.jar;C:\Users\n1t4chi\.m2\repository\org\lwjgl\lwjgl-opengl\3.1.2\lwjgl-opengl-3.1.2.jar;C:\Users\n1t4chi\.m2\repository\org\lwjgl\lwjgl-opengles\3.1.2\lwjgl-opengles-3.1.2.jar;C:\Users\n1t4chi\.m2\repository\org\lwjgl\lwjgl-stb\3.1.2\lwjgl-stb-3.1.2.jar;C:\Users\n1t4chi\.m2\repository\org\lwjgl\lwjgl\3.1.2\lwjgl-3.1.2-natives-windows.jar;C:\Users\n1t4chi\.m2\repository\org\lwjgl\lwjgl-glfw\3.1.2\lwjgl-glfw-3.1.2-natives-windows.jar;C:\Users\n1t4chi\.m2\repository\org\lwjgl\lwjgl-jemalloc\3.1.2\lwjgl-jemalloc-3.1.2-natives-windows.jar;C:\Users\n1t4chi\.m2\repository\org\lwjgl\lwjgl-openal\3.1.2\lwjgl-openal-3.1.2-natives-windows.jar;C:\Users\n1t4chi\.m2\repository\org\lwjgl\lwjgl-opengl\3.1.2\lwjgl-opengl-3.1.2-natives-windows.jar;C:\Users\n1t4chi\.m2\repository\org\lwjgl\lwjgl-opengles\3.1.2\lwjgl-opengles-3.1.2-natives-windows.jar;C:\Users\n1t4chi\.m2\repository\org\lwjgl\lwjgl-stb\3.1.2\lwjgl-stb-3.1.2-natives-windows.jar;C:\Users\n1t4chi\.m2\repository\org\joml\joml\1.9.3\joml-1.9.3.jar
Launcher Type: SUN_STANDARD

Environment Variables:
JAVA_HOME=C:\Program Files\Java\jdk1.8.0_91
PATH=C:\Program Files\Haskell\bin;S:\haskell\8.0.2-a\lib\extralibs\bin;S:\haskell\8.0.2-a\bin;C:\ProgramData\Oracle\Java\javapath;C:\Program Files (x86)\Intel\iCLS Client\;C:\Program Files\Intel\iCLS Client\;C:\Windows\system32;C:\Windows;C:\Windows\System32\Wbem;C:\Windows\System32\WindowsPowerShell\v1.0\;C:\Program Files (x86)\Intel\Intel(R) Management Engine Components\DAL;C:\Program Files\Intel\Intel(R) Management Engine Components\DAL;C:\Program Files (x86)\Intel\Intel(R) Management Engine Components\IPT;C:\Program Files\Intel\Intel(R) Management Engine Components\IPT;C:\Program Files\Intel\WiFi\bin\;C:\Program Files\Common Files\Intel\WirelessCommon\;C:\Program Files (x86)\NVIDIA Corporation\PhysX\Common;C:\WINDOWS\system32;C:\WINDOWS;C:\WINDOWS\System32\Wbem;C:\WINDOWS\System32\WindowsPowerShell\v1.0\;S:\maven\bin;C:\Program Files\Java\jdk1.8.0_91\bin;S:\SVN\bin;C:\Program Files (x86)\PostgreSQL\9.5\bin;S:\go\bin;S:\Mozart\Mozart\bin;S:\dos2unix-7.3.4-win32;S:\haskell\8.0.2-a\mingw\bin;C:\Program Files\TortoiseGit\bin;C:\Program Files\Git\cmd;C:\Program Files\erl8.3\bin;C:\Program Files\swipl\bin;S:\MinGW\bin;S:\MinGW\msys\1.0\bin;C:\Program Files\Microsoft SQL Server\130\Tools\Binn\;C:\Users\n1t4chi\AppData\Roaming\cabal\bin;C:\Users\n1t4chi\AppData\Roaming\local\bin;S:\Ada\GtkAda\bin;S:\Ada\GNAT\bin;C:\Program Files\Intel\WiFi\bin\;C:\Program Files\Common Files\Intel\WirelessCommon\;C:\Users\n1t4chi\AppData\Local\Microsoft\WindowsApps;C:\Program Files (x86)\PostgreSQL\9.5\bin\;S:\MinGW\bin;S:\MinGW\msys\1.0\bin;
USERNAME=n1t4chi
OS=Windows_NT
PROCESSOR_IDENTIFIER=Intel64 Family 6 Model 94 Stepping 3, GenuineIntel



---------------  S Y S T E M  ---------------

OS: Windows 10.0 , 64 bit Build 15063 (10.0.15063.296)

CPU:total 8 (4 cores per cpu, 2 threads per core) family 6 model 94 stepping 3, cmov, cx8, fxsr, mmx, sse, sse2, sse3, ssse3, sse4.1, sse4.2, popcnt, avx, avx2, aes, clmul, erms, rtm, 3dnowpref, lzcnt, ht, tsc, tscinvbit, bmi1, bmi2, adx

Memory: 4k page, physical 8212352k(2216672k free), swap 9523072k(3194832k free)

vm_info: Java HotSpot(TM) 64-Bit Server VM (25.91-b14) for windows-amd64 JRE (1.8.0_91-b14), built on Apr  1 2016 00:58:32 by "java_re" with MS VC++ 10.0 (VS2010)

time: Sat Jul 01 14:36:19 2017
elapsed time: 18 seconds (0d 0h 0m 18s)

